[2m2020-08-05 11:55:39.044[0;39m [32m INFO[0;39m [35m4220[0;39m [2m---[0;39m [2m[  restartedMain][0;39m [36m.e.DevToolsPropertyDefaultsPostProcessor[0;39m [2m:[0;39m Devtools property defaults active! Set 'spring.devtools.add-properties' to 'false' to disable
[2m2020-08-05 11:55:39.059[0;39m [32m INFO[0;39m [35m4220[0;39m [2m---[0;39m [2m[  restartedMain][0;39m [36m.e.DevToolsPropertyDefaultsPostProcessor[0;39m [2m:[0;39m For additional web related logging consider setting the 'logging.level.web' property to 'DEBUG'
[2m2020-08-05 11:55:43.518[0;39m [32m INFO[0;39m [35m4220[0;39m [2m---[0;39m [2m[  restartedMain][0;39m [36mtrationDelegate$BeanPostProcessorChecker[0;39m [2m:[0;39m Bean 'org.springframework.ws.config.annotation.DelegatingWsConfiguration' of type [org.springframework.ws.config.annotation.DelegatingWsConfiguration$$EnhancerBySpringCGLIB$$c90ef8b6] is not eligible for getting processed by all BeanPostProcessors (for example: not eligible for auto-proxying)
[2m2020-08-05 11:55:43.621[0;39m [32m INFO[0;39m [35m4220[0;39m [2m---[0;39m [2m[  restartedMain][0;39m [36m.w.s.a.s.AnnotationActionEndpointMapping[0;39m [2m:[0;39m Supporting [WS-Addressing August 2004, WS-Addressing 1.0]
[2m2020-08-05 11:55:45.016[0;39m [32m INFO[0;39m [35m4220[0;39m [2m---[0;39m [2m[  restartedMain][0;39m [36mo.s.b.w.embedded.tomcat.TomcatWebServer [0;39m [2m:[0;39m Tomcat initialized with port(s): 8888 (http)
[2m2020-08-05 11:55:45.458[0;39m [32m INFO[0;39m [35m4220[0;39m [2m---[0;39m [2m[  restartedMain][0;39m [36mw.s.c.ServletWebServerApplicationContext[0;39m [2m:[0;39m Root WebApplicationContext: initialization completed in 6398 ms
[2m2020-08-05 11:55:48.258[0;39m [32m INFO[0;39m [35m4220[0;39m [2m---[0;39m [2m[  restartedMain][0;39m [36m.s.s.UserDetailsServiceAutoConfiguration[0;39m [2m:[0;39m 

Using generated security password: a9a9237b-979c-4cd7-ac96-d2a267f30b05

[2m2020-08-05 11:55:48.500[0;39m [32m INFO[0;39m [35m4220[0;39m [2m---[0;39m [2m[  restartedMain][0;39m [36mo.s.s.web.DefaultSecurityFilterChain    [0;39m [2m:[0;39m Creating filter chain: any request, [org.springframework.security.web.context.request.async.WebAsyncManagerIntegrationFilter@4fbcc210, org.springframework.security.web.context.SecurityContextPersistenceFilter@73e62b55, org.springframework.security.web.header.HeaderWriterFilter@44ea30a5, org.springframework.security.web.authentication.logout.LogoutFilter@218a45ce, org.springframework.security.web.savedrequest.RequestCacheAwareFilter@68cfc1e8, org.springframework.security.web.servletapi.SecurityContextHolderAwareRequestFilter@6cb46768, org.springframework.security.web.authentication.AnonymousAuthenticationFilter@29985ba7, org.springframework.security.web.session.SessionManagementFilter@7c70b05c, org.springframework.security.web.access.ExceptionTranslationFilter@2a41a2b]
[2m2020-08-05 11:55:48.880[0;39m [32m INFO[0;39m [35m4220[0;39m [2m---[0;39m [2m[  restartedMain][0;39m [36mo.s.s.concurrent.ThreadPoolTaskExecutor [0;39m [2m:[0;39m Initializing ExecutorService 'applicationTaskExecutor'
[2m2020-08-05 11:55:49.008[0;39m [32m INFO[0;39m [35m4220[0;39m [2m---[0;39m [2m[  restartedMain][0;39m [36mo.s.b.d.a.OptionalLiveReloadServer      [0;39m [2m:[0;39m LiveReload server is running on port 35729
[2m2020-08-05 11:55:49.823[0;39m [32m INFO[0;39m [35m4220[0;39m [2m---[0;39m [2m[  restartedMain][0;39m [36mo.s.b.w.embedded.tomcat.TomcatWebServer [0;39m [2m:[0;39m Tomcat started on port(s): 8888 (http) with context path '/ssafience'
[2m2020-08-05 11:55:53.014[0;39m [32m INFO[0;39m [35m4220[0;39m [2m---[0;39m [2m[nio-8888-exec-1][0;39m [36mo.s.web.servlet.DispatcherServlet       [0;39m [2m:[0;39m Initializing Servlet 'dispatcherServlet'
[2m2020-08-05 11:55:53.036[0;39m [32m INFO[0;39m [35m4220[0;39m [2m---[0;39m [2m[nio-8888-exec-1][0;39m [36mo.s.web.servlet.DispatcherServlet       [0;39m [2m:[0;39m Completed initialization in 20 ms
[2m2020-08-05 12:00:06.370[0;39m [32m INFO[0;39m [35m4220[0;39m [2m---[0;39m [2m[on(2)-127.0.0.1][0;39m [36minMXBeanRegistrar$SpringApplicationAdmin[0;39m [2m:[0;39m Application shutdown requested.
[2m2020-08-05 12:00:08.260[0;39m [32m INFO[0;39m [35m4220[0;39m [2m---[0;39m [2m[on(2)-127.0.0.1][0;39m [36mo.s.s.concurrent.ThreadPoolTaskExecutor [0;39m [2m:[0;39m Shutting down ExecutorService 'applicationTaskExecutor'
[2m2020-08-05 12:09:20.593[0;39m [32m INFO[0;39m [35m6188[0;39m [2m---[0;39m [2m[  restartedMain][0;39m [36m.e.DevToolsPropertyDefaultsPostProcessor[0;39m [2m:[0;39m Devtools property defaults active! Set 'spring.devtools.add-properties' to 'false' to disable
[2m2020-08-05 12:09:20.601[0;39m [32m INFO[0;39m [35m6188[0;39m [2m---[0;39m [2m[  restartedMain][0;39m [36m.e.DevToolsPropertyDefaultsPostProcessor[0;39m [2m:[0;39m For additional web related logging consider setting the 'logging.level.web' property to 'DEBUG'
[2m2020-08-05 12:09:24.917[0;39m [32m INFO[0;39m [35m6188[0;39m [2m---[0;39m [2m[  restartedMain][0;39m [36mtrationDelegate$BeanPostProcessorChecker[0;39m [2m:[0;39m Bean 'org.springframework.ws.config.annotation.DelegatingWsConfiguration' of type [org.springframework.ws.config.annotation.DelegatingWsConfiguration$$EnhancerBySpringCGLIB$$35e57faf] is not eligible for getting processed by all BeanPostProcessors (for example: not eligible for auto-proxying)
[2m2020-08-05 12:09:25.024[0;39m [32m INFO[0;39m [35m6188[0;39m [2m---[0;39m [2m[  restartedMain][0;39m [36m.w.s.a.s.AnnotationActionEndpointMapping[0;39m [2m:[0;39m Supporting [WS-Addressing August 2004, WS-Addressing 1.0]
[2m2020-08-05 12:09:26.447[0;39m [32m INFO[0;39m [35m6188[0;39m [2m---[0;39m [2m[  restartedMain][0;39m [36mo.s.b.w.embedded.tomcat.TomcatWebServer [0;39m [2m:[0;39m Tomcat initialized with port(s): 8888 (http)
[2m2020-08-05 12:09:26.815[0;39m [32m INFO[0;39m [35m6188[0;39m [2m---[0;39m [2m[  restartedMain][0;39m [36mw.s.c.ServletWebServerApplicationContext[0;39m [2m:[0;39m Root WebApplicationContext: initialization completed in 6214 ms
[2m2020-08-05 12:09:29.398[0;39m [32m INFO[0;39m [35m6188[0;39m [2m---[0;39m [2m[  restartedMain][0;39m [36m.s.s.UserDetailsServiceAutoConfiguration[0;39m [2m:[0;39m 

Using generated security password: 166a7630-11c4-46f1-88a1-51946a44641b

[2m2020-08-05 12:09:29.618[0;39m [32m INFO[0;39m [35m6188[0;39m [2m---[0;39m [2m[  restartedMain][0;39m [36mo.s.s.web.DefaultSecurityFilterChain    [0;39m [2m:[0;39m Creating filter chain: any request, [org.springframework.security.web.context.request.async.WebAsyncManagerIntegrationFilter@282d16cf, org.springframework.security.web.context.SecurityContextPersistenceFilter@74d6ba2e, org.springframework.security.web.header.HeaderWriterFilter@79f5b47, org.springframework.security.web.authentication.logout.LogoutFilter@948563b, org.springframework.security.web.savedrequest.RequestCacheAwareFilter@171c56f6, org.springframework.security.web.servletapi.SecurityContextHolderAwareRequestFilter@261dabb1, org.springframework.security.web.authentication.AnonymousAuthenticationFilter@11aa48fd, org.springframework.security.web.session.SessionManagementFilter@4a08739c, org.springframework.security.web.access.ExceptionTranslationFilter@14456234]
[2m2020-08-05 12:09:29.961[0;39m [32m INFO[0;39m [35m6188[0;39m [2m---[0;39m [2m[  restartedMain][0;39m [36mo.s.s.concurrent.ThreadPoolTaskExecutor [0;39m [2m:[0;39m Initializing ExecutorService 'applicationTaskExecutor'
[2m2020-08-05 12:09:30.088[0;39m [32m INFO[0;39m [35m6188[0;39m [2m---[0;39m [2m[  restartedMain][0;39m [36mo.s.b.d.a.OptionalLiveReloadServer      [0;39m [2m:[0;39m LiveReload server is running on port 35729
[2m2020-08-05 12:09:30.829[0;39m [32m INFO[0;39m [35m6188[0;39m [2m---[0;39m [2m[  restartedMain][0;39m [36mo.s.b.w.embedded.tomcat.TomcatWebServer [0;39m [2m:[0;39m Tomcat started on port(s): 8888 (http) with context path '/ssafience'
[2m2020-08-05 12:09:31.000[0;39m [32m INFO[0;39m [35m6188[0;39m [2m---[0;39m [2m[nio-8888-exec-1][0;39m [36mo.s.web.servlet.DispatcherServlet       [0;39m [2m:[0;39m Initializing Servlet 'dispatcherServlet'
[2m2020-08-05 12:09:31.033[0;39m [32m INFO[0;39m [35m6188[0;39m [2m---[0;39m [2m[nio-8888-exec-1][0;39m [36mo.s.web.servlet.DispatcherServlet       [0;39m [2m:[0;39m Completed initialization in 32 ms
[2m2020-08-05 12:10:16.325[0;39m [32m INFO[0;39m [35m6188[0;39m [2m---[0;39m [2m[     Thread-193][0;39m [36mo.s.s.concurrent.ThreadPoolTaskExecutor [0;39m [2m:[0;39m Shutting down ExecutorService 'applicationTaskExecutor'
[2m2020-08-05 12:10:18.777[0;39m [32m INFO[0;39m [35m6188[0;39m [2m---[0;39m [2m[  restartedMain][0;39m [36mtrationDelegate$BeanPostProcessorChecker[0;39m [2m:[0;39m Bean 'org.springframework.ws.config.annotation.DelegatingWsConfiguration' of type [org.springframework.ws.config.annotation.DelegatingWsConfiguration$$EnhancerBySpringCGLIB$$35e57faf] is not eligible for getting processed by all BeanPostProcessors (for example: not eligible for auto-proxying)
[2m2020-08-05 12:10:18.782[0;39m [32m INFO[0;39m [35m6188[0;39m [2m---[0;39m [2m[  restartedMain][0;39m [36m.w.s.a.s.AnnotationActionEndpointMapping[0;39m [2m:[0;39m Supporting [WS-Addressing August 2004, WS-Addressing 1.0]
[2m2020-08-05 12:10:19.190[0;39m [32m INFO[0;39m [35m6188[0;39m [2m---[0;39m [2m[  restartedMain][0;39m [36mo.s.b.w.embedded.tomcat.TomcatWebServer [0;39m [2m:[0;39m Tomcat initialized with port(s): 8888 (http)
[2m2020-08-05 12:10:19.258[0;39m [32m INFO[0;39m [35m6188[0;39m [2m---[0;39m [2m[  restartedMain][0;39m [36mw.s.c.ServletWebServerApplicationContext[0;39m [2m:[0;39m Root WebApplicationContext: initialization completed in 2272 ms
[2m2020-08-05 12:10:20.197[0;39m [32m INFO[0;39m [35m6188[0;39m [2m---[0;39m [2m[  restartedMain][0;39m [36m.s.s.UserDetailsServiceAutoConfiguration[0;39m [2m:[0;39m 

Using generated security password: cdb4fa88-d055-4640-a6ba-d92802cd1137

[2m2020-08-05 12:10:20.217[0;39m [32m INFO[0;39m [35m6188[0;39m [2m---[0;39m [2m[  restartedMain][0;39m [36mo.s.s.web.DefaultSecurityFilterChain    [0;39m [2m:[0;39m Creating filter chain: any request, [org.springframework.security.web.context.request.async.WebAsyncManagerIntegrationFilter@630e7fbc, org.springframework.security.web.context.SecurityContextPersistenceFilter@6ca1ccca, org.springframework.security.web.header.HeaderWriterFilter@2e109bc4, org.springframework.security.web.authentication.logout.LogoutFilter@14707eeb, org.springframework.security.web.savedrequest.RequestCacheAwareFilter@2b9b8243, org.springframework.security.web.servletapi.SecurityContextHolderAwareRequestFilter@17ff24f, org.springframework.security.web.authentication.AnonymousAuthenticationFilter@1d1d1418, org.springframework.security.web.session.SessionManagementFilter@3fb91c93, org.springframework.security.web.access.ExceptionTranslationFilter@64836b3]
[2m2020-08-05 12:10:20.324[0;39m [32m INFO[0;39m [35m6188[0;39m [2m---[0;39m [2m[  restartedMain][0;39m [36mo.s.s.concurrent.ThreadPoolTaskExecutor [0;39m [2m:[0;39m Initializing ExecutorService 'applicationTaskExecutor'
[2m2020-08-05 12:10:20.348[0;39m [32m INFO[0;39m [35m6188[0;39m [2m---[0;39m [2m[  restartedMain][0;39m [36mo.s.b.d.a.OptionalLiveReloadServer      [0;39m [2m:[0;39m LiveReload server is running on port 35729
[2m2020-08-05 12:10:20.696[0;39m [32m INFO[0;39m [35m6188[0;39m [2m---[0;39m [2m[  restartedMain][0;39m [36mo.s.b.w.embedded.tomcat.TomcatWebServer [0;39m [2m:[0;39m Tomcat started on port(s): 8888 (http) with context path '/ssafience'
[2m2020-08-05 12:10:21.176[0;39m [32m INFO[0;39m [35m6188[0;39m [2m---[0;39m [2m[  restartedMain][0;39m [36m.ConditionEvaluationDeltaLoggingListener[0;39m [2m:[0;39m Condition evaluation unchanged
[2m2020-08-05 12:10:25.149[0;39m [32m INFO[0;39m [35m6188[0;39m [2m---[0;39m [2m[     Thread-197][0;39m [36mo.s.s.concurrent.ThreadPoolTaskExecutor [0;39m [2m:[0;39m Shutting down ExecutorService 'applicationTaskExecutor'
[2m2020-08-05 12:10:27.403[0;39m [32m INFO[0;39m [35m6188[0;39m [2m---[0;39m [2m[  restartedMain][0;39m [36mtrationDelegate$BeanPostProcessorChecker[0;39m [2m:[0;39m Bean 'org.springframework.ws.config.annotation.DelegatingWsConfiguration' of type [org.springframework.ws.config.annotation.DelegatingWsConfiguration$$EnhancerBySpringCGLIB$$35e57faf] is not eligible for getting processed by all BeanPostProcessors (for example: not eligible for auto-proxying)
[2m2020-08-05 12:10:27.408[0;39m [32m INFO[0;39m [35m6188[0;39m [2m---[0;39m [2m[  restartedMain][0;39m [36m.w.s.a.s.AnnotationActionEndpointMapping[0;39m [2m:[0;39m Supporting [WS-Addressing August 2004, WS-Addressing 1.0]
[2m2020-08-05 12:10:27.812[0;39m [32m INFO[0;39m [35m6188[0;39m [2m---[0;39m [2m[  restartedMain][0;39m [36mo.s.b.w.embedded.tomcat.TomcatWebServer [0;39m [2m:[0;39m Tomcat initialized with port(s): 8888 (http)
[2m2020-08-05 12:10:27.903[0;39m [32m INFO[0;39m [35m6188[0;39m [2m---[0;39m [2m[  restartedMain][0;39m [36mw.s.c.ServletWebServerApplicationContext[0;39m [2m:[0;39m Root WebApplicationContext: initialization completed in 2179 ms
[2m2020-08-05 12:10:28.735[0;39m [32m INFO[0;39m [35m6188[0;39m [2m---[0;39m [2m[  restartedMain][0;39m [36m.s.s.UserDetailsServiceAutoConfiguration[0;39m [2m:[0;39m 

Using generated security password: 312e5cd4-c384-4ffb-ab13-291db35421dd

[2m2020-08-05 12:10:28.753[0;39m [32m INFO[0;39m [35m6188[0;39m [2m---[0;39m [2m[  restartedMain][0;39m [36mo.s.s.web.DefaultSecurityFilterChain    [0;39m [2m:[0;39m Creating filter chain: any request, [org.springframework.security.web.context.request.async.WebAsyncManagerIntegrationFilter@7b0f2c83, org.springframework.security.web.context.SecurityContextPersistenceFilter@12131948, org.springframework.security.web.header.HeaderWriterFilter@6da3ceeb, org.springframework.security.web.authentication.logout.LogoutFilter@124579dd, org.springframework.security.web.savedrequest.RequestCacheAwareFilter@6e80f472, org.springframework.security.web.servletapi.SecurityContextHolderAwareRequestFilter@1d27bbdf, org.springframework.security.web.authentication.AnonymousAuthenticationFilter@5bd6897e, org.springframework.security.web.session.SessionManagementFilter@16c27ec3, org.springframework.security.web.access.ExceptionTranslationFilter@3ae8d0e8]
[2m2020-08-05 12:10:28.858[0;39m [32m INFO[0;39m [35m6188[0;39m [2m---[0;39m [2m[  restartedMain][0;39m [36mo.s.s.concurrent.ThreadPoolTaskExecutor [0;39m [2m:[0;39m Initializing ExecutorService 'applicationTaskExecutor'
[2m2020-08-05 12:10:28.881[0;39m [32m INFO[0;39m [35m6188[0;39m [2m---[0;39m [2m[  restartedMain][0;39m [36mo.s.b.d.a.OptionalLiveReloadServer      [0;39m [2m:[0;39m LiveReload server is running on port 35729
[2m2020-08-05 12:10:29.208[0;39m [32m INFO[0;39m [35m6188[0;39m [2m---[0;39m [2m[  restartedMain][0;39m [36mo.s.b.w.embedded.tomcat.TomcatWebServer [0;39m [2m:[0;39m Tomcat started on port(s): 8888 (http) with context path '/ssafience'
[2m2020-08-05 12:10:29.610[0;39m [32m INFO[0;39m [35m6188[0;39m [2m---[0;39m [2m[  restartedMain][0;39m [36m.ConditionEvaluationDeltaLoggingListener[0;39m [2m:[0;39m Condition evaluation unchanged
[2m2020-08-05 12:10:43.967[0;39m [32m INFO[0;39m [35m6188[0;39m [2m---[0;39m [2m[     Thread-390][0;39m [36mo.s.s.concurrent.ThreadPoolTaskExecutor [0;39m [2m:[0;39m Shutting down ExecutorService 'applicationTaskExecutor'
[2m2020-08-05 12:10:46.419[0;39m [32m INFO[0;39m [35m6188[0;39m [2m---[0;39m [2m[  restartedMain][0;39m [36mtrationDelegate$BeanPostProcessorChecker[0;39m [2m:[0;39m Bean 'org.springframework.ws.config.annotation.DelegatingWsConfiguration' of type [org.springframework.ws.config.annotation.DelegatingWsConfiguration$$EnhancerBySpringCGLIB$$35e57faf] is not eligible for getting processed by all BeanPostProcessors (for example: not eligible for auto-proxying)
[2m2020-08-05 12:10:46.422[0;39m [32m INFO[0;39m [35m6188[0;39m [2m---[0;39m [2m[  restartedMain][0;39m [36m.w.s.a.s.AnnotationActionEndpointMapping[0;39m [2m:[0;39m Supporting [WS-Addressing August 2004, WS-Addressing 1.0]
[2m2020-08-05 12:10:46.788[0;39m [32m INFO[0;39m [35m6188[0;39m [2m---[0;39m [2m[  restartedMain][0;39m [36mo.s.b.w.embedded.tomcat.TomcatWebServer [0;39m [2m:[0;39m Tomcat initialized with port(s): 8888 (http)
[2m2020-08-05 12:10:46.847[0;39m [32m INFO[0;39m [35m6188[0;39m [2m---[0;39m [2m[  restartedMain][0;39m [36mw.s.c.ServletWebServerApplicationContext[0;39m [2m:[0;39m Root WebApplicationContext: initialization completed in 2091 ms
[2m2020-08-05 12:10:47.657[0;39m [32m INFO[0;39m [35m6188[0;39m [2m---[0;39m [2m[  restartedMain][0;39m [36m.s.s.UserDetailsServiceAutoConfiguration[0;39m [2m:[0;39m 

Using generated security password: c74a603e-af72-4bfe-888d-c003cb53a639

[2m2020-08-05 12:10:47.675[0;39m [32m INFO[0;39m [35m6188[0;39m [2m---[0;39m [2m[  restartedMain][0;39m [36mo.s.s.web.DefaultSecurityFilterChain    [0;39m [2m:[0;39m Creating filter chain: any request, [org.springframework.security.web.context.request.async.WebAsyncManagerIntegrationFilter@1310ce87, org.springframework.security.web.context.SecurityContextPersistenceFilter@19423d25, org.springframework.security.web.header.HeaderWriterFilter@6f80718d, org.springframework.security.web.authentication.logout.LogoutFilter@21b20d72, org.springframework.security.web.savedrequest.RequestCacheAwareFilter@51ac6784, org.springframework.security.web.servletapi.SecurityContextHolderAwareRequestFilter@3dcc7825, org.springframework.security.web.authentication.AnonymousAuthenticationFilter@4d438190, org.springframework.security.web.session.SessionManagementFilter@434ae06c, org.springframework.security.web.access.ExceptionTranslationFilter@2d95fe6]
[2m2020-08-05 12:10:47.774[0;39m [32m INFO[0;39m [35m6188[0;39m [2m---[0;39m [2m[  restartedMain][0;39m [36mo.s.s.concurrent.ThreadPoolTaskExecutor [0;39m [2m:[0;39m Initializing ExecutorService 'applicationTaskExecutor'
[2m2020-08-05 12:10:47.795[0;39m [32m INFO[0;39m [35m6188[0;39m [2m---[0;39m [2m[  restartedMain][0;39m [36mo.s.b.d.a.OptionalLiveReloadServer      [0;39m [2m:[0;39m LiveReload server is running on port 35729
[2m2020-08-05 12:10:48.118[0;39m [32m INFO[0;39m [35m6188[0;39m [2m---[0;39m [2m[  restartedMain][0;39m [36mo.s.b.w.embedded.tomcat.TomcatWebServer [0;39m [2m:[0;39m Tomcat started on port(s): 8888 (http) with context path '/ssafience'
[2m2020-08-05 12:10:48.502[0;39m [32m INFO[0;39m [35m6188[0;39m [2m---[0;39m [2m[  restartedMain][0;39m [36m.ConditionEvaluationDeltaLoggingListener[0;39m [2m:[0;39m Condition evaluation unchanged
[2m2020-08-05 12:10:58.185[0;39m [32m INFO[0;39m [35m6188[0;39m [2m---[0;39m [2m[     Thread-583][0;39m [36mo.s.s.concurrent.ThreadPoolTaskExecutor [0;39m [2m:[0;39m Shutting down ExecutorService 'applicationTaskExecutor'
[2m2020-08-05 12:11:00.273[0;39m [32m INFO[0;39m [35m6188[0;39m [2m---[0;39m [2m[  restartedMain][0;39m [36mtrationDelegate$BeanPostProcessorChecker[0;39m [2m:[0;39m Bean 'org.springframework.ws.config.annotation.DelegatingWsConfiguration' of type [org.springframework.ws.config.annotation.DelegatingWsConfiguration$$EnhancerBySpringCGLIB$$35e57faf] is not eligible for getting processed by all BeanPostProcessors (for example: not eligible for auto-proxying)
[2m2020-08-05 12:11:00.276[0;39m [32m INFO[0;39m [35m6188[0;39m [2m---[0;39m [2m[  restartedMain][0;39m [36m.w.s.a.s.AnnotationActionEndpointMapping[0;39m [2m:[0;39m Supporting [WS-Addressing August 2004, WS-Addressing 1.0]
[2m2020-08-05 12:11:00.660[0;39m [32m INFO[0;39m [35m6188[0;39m [2m---[0;39m [2m[  restartedMain][0;39m [36mo.s.b.w.embedded.tomcat.TomcatWebServer [0;39m [2m:[0;39m Tomcat initialized with port(s): 8888 (http)
[2m2020-08-05 12:11:00.725[0;39m [32m INFO[0;39m [35m6188[0;39m [2m---[0;39m [2m[  restartedMain][0;39m [36mw.s.c.ServletWebServerApplicationContext[0;39m [2m:[0;39m Root WebApplicationContext: initialization completed in 2046 ms
[2m2020-08-05 12:11:01.538[0;39m [32m INFO[0;39m [35m6188[0;39m [2m---[0;39m [2m[  restartedMain][0;39m [36m.s.s.UserDetailsServiceAutoConfiguration[0;39m [2m:[0;39m 

Using generated security password: 0a019560-5830-4b18-83db-3c5f74bc40f3

[2m2020-08-05 12:11:01.556[0;39m [32m INFO[0;39m [35m6188[0;39m [2m---[0;39m [2m[  restartedMain][0;39m [36mo.s.s.web.DefaultSecurityFilterChain    [0;39m [2m:[0;39m Creating filter chain: any request, [org.springframework.security.web.context.request.async.WebAsyncManagerIntegrationFilter@295ebdce, org.springframework.security.web.context.SecurityContextPersistenceFilter@5efa1717, org.springframework.security.web.header.HeaderWriterFilter@357994dc, org.springframework.security.web.authentication.logout.LogoutFilter@2e762355, org.springframework.security.web.savedrequest.RequestCacheAwareFilter@664c3c61, org.springframework.security.web.servletapi.SecurityContextHolderAwareRequestFilter@1f6a8b00, org.springframework.security.web.authentication.AnonymousAuthenticationFilter@6227116e, org.springframework.security.web.session.SessionManagementFilter@c066d2a, org.springframework.security.web.access.ExceptionTranslationFilter@68ba1687]
[2m2020-08-05 12:11:01.654[0;39m [32m INFO[0;39m [35m6188[0;39m [2m---[0;39m [2m[  restartedMain][0;39m [36mo.s.s.concurrent.ThreadPoolTaskExecutor [0;39m [2m:[0;39m Initializing ExecutorService 'applicationTaskExecutor'
[2m2020-08-05 12:11:01.675[0;39m [32m INFO[0;39m [35m6188[0;39m [2m---[0;39m [2m[  restartedMain][0;39m [36mo.s.b.d.a.OptionalLiveReloadServer      [0;39m [2m:[0;39m LiveReload server is running on port 35729
[2m2020-08-05 12:11:01.995[0;39m [32m INFO[0;39m [35m6188[0;39m [2m---[0;39m [2m[  restartedMain][0;39m [36mo.s.b.w.embedded.tomcat.TomcatWebServer [0;39m [2m:[0;39m Tomcat started on port(s): 8888 (http) with context path '/ssafience'
[2m2020-08-05 12:11:02.360[0;39m [32m INFO[0;39m [35m6188[0;39m [2m---[0;39m [2m[  restartedMain][0;39m [36m.ConditionEvaluationDeltaLoggingListener[0;39m [2m:[0;39m Condition evaluation unchanged
[2m2020-08-05 12:12:06.412[0;39m [32m INFO[0;39m [35m6188[0;39m [2m---[0;39m [2m[     Thread-776][0;39m [36mo.s.s.concurrent.ThreadPoolTaskExecutor [0;39m [2m:[0;39m Shutting down ExecutorService 'applicationTaskExecutor'
[2m2020-08-05 12:12:08.476[0;39m [32m INFO[0;39m [35m6188[0;39m [2m---[0;39m [2m[  restartedMain][0;39m [36mtrationDelegate$BeanPostProcessorChecker[0;39m [2m:[0;39m Bean 'org.springframework.ws.config.annotation.DelegatingWsConfiguration' of type [org.springframework.ws.config.annotation.DelegatingWsConfiguration$$EnhancerBySpringCGLIB$$35e57faf] is not eligible for getting processed by all BeanPostProcessors (for example: not eligible for auto-proxying)
[2m2020-08-05 12:12:08.479[0;39m [32m INFO[0;39m [35m6188[0;39m [2m---[0;39m [2m[  restartedMain][0;39m [36m.w.s.a.s.AnnotationActionEndpointMapping[0;39m [2m:[0;39m Supporting [WS-Addressing August 2004, WS-Addressing 1.0]
[2m2020-08-05 12:12:08.909[0;39m [32m INFO[0;39m [35m6188[0;39m [2m---[0;39m [2m[  restartedMain][0;39m [36mo.s.b.w.embedded.tomcat.TomcatWebServer [0;39m [2m:[0;39m Tomcat initialized with port(s): 8888 (http)
[2m2020-08-05 12:12:08.971[0;39m [32m INFO[0;39m [35m6188[0;39m [2m---[0;39m [2m[  restartedMain][0;39m [36mw.s.c.ServletWebServerApplicationContext[0;39m [2m:[0;39m Root WebApplicationContext: initialization completed in 2237 ms
[2m2020-08-05 12:12:09.770[0;39m [32m INFO[0;39m [35m6188[0;39m [2m---[0;39m [2m[  restartedMain][0;39m [36m.s.s.UserDetailsServiceAutoConfiguration[0;39m [2m:[0;39m 

Using generated security password: 57066ff8-a6e0-47fa-aea6-b5469a55252a

[2m2020-08-05 12:12:09.789[0;39m [32m INFO[0;39m [35m6188[0;39m [2m---[0;39m [2m[  restartedMain][0;39m [36mo.s.s.web.DefaultSecurityFilterChain    [0;39m [2m:[0;39m Creating filter chain: any request, [org.springframework.security.web.context.request.async.WebAsyncManagerIntegrationFilter@424f70f7, org.springframework.security.web.context.SecurityContextPersistenceFilter@1bf56aa, org.springframework.security.web.header.HeaderWriterFilter@703ad923, org.springframework.security.web.authentication.logout.LogoutFilter@2f9602fd, org.springframework.security.web.savedrequest.RequestCacheAwareFilter@25690bab, org.springframework.security.web.servletapi.SecurityContextHolderAwareRequestFilter@3bc2de4, org.springframework.security.web.authentication.AnonymousAuthenticationFilter@20fea657, org.springframework.security.web.session.SessionManagementFilter@6867ed7b, org.springframework.security.web.access.ExceptionTranslationFilter@734ae719]
[2m2020-08-05 12:12:09.899[0;39m [32m INFO[0;39m [35m6188[0;39m [2m---[0;39m [2m[  restartedMain][0;39m [36mo.s.s.concurrent.ThreadPoolTaskExecutor [0;39m [2m:[0;39m Initializing ExecutorService 'applicationTaskExecutor'
[2m2020-08-05 12:12:09.923[0;39m [32m INFO[0;39m [35m6188[0;39m [2m---[0;39m [2m[  restartedMain][0;39m [36mo.s.b.d.a.OptionalLiveReloadServer      [0;39m [2m:[0;39m LiveReload server is running on port 35729
[2m2020-08-05 12:12:10.294[0;39m [32m INFO[0;39m [35m6188[0;39m [2m---[0;39m [2m[  restartedMain][0;39m [36mo.s.b.w.embedded.tomcat.TomcatWebServer [0;39m [2m:[0;39m Tomcat started on port(s): 8888 (http) with context path '/ssafience'
[2m2020-08-05 12:12:10.654[0;39m [32m INFO[0;39m [35m6188[0;39m [2m---[0;39m [2m[  restartedMain][0;39m [36m.ConditionEvaluationDeltaLoggingListener[0;39m [2m:[0;39m Condition evaluation unchanged
[2m2020-08-05 12:12:25.017[0;39m [32m INFO[0;39m [35m6188[0;39m [2m---[0;39m [2m[     Thread-969][0;39m [36mo.s.s.concurrent.ThreadPoolTaskExecutor [0;39m [2m:[0;39m Shutting down ExecutorService 'applicationTaskExecutor'
[2m2020-08-05 12:12:27.180[0;39m [32m INFO[0;39m [35m6188[0;39m [2m---[0;39m [2m[  restartedMain][0;39m [36mtrationDelegate$BeanPostProcessorChecker[0;39m [2m:[0;39m Bean 'org.springframework.ws.config.annotation.DelegatingWsConfiguration' of type [org.springframework.ws.config.annotation.DelegatingWsConfiguration$$EnhancerBySpringCGLIB$$35e57faf] is not eligible for getting processed by all BeanPostProcessors (for example: not eligible for auto-proxying)
[2m2020-08-05 12:12:27.183[0;39m [32m INFO[0;39m [35m6188[0;39m [2m---[0;39m [2m[  restartedMain][0;39m [36m.w.s.a.s.AnnotationActionEndpointMapping[0;39m [2m:[0;39m Supporting [WS-Addressing August 2004, WS-Addressing 1.0]
[2m2020-08-05 12:12:27.551[0;39m [32m INFO[0;39m [35m6188[0;39m [2m---[0;39m [2m[  restartedMain][0;39m [36mo.s.b.w.embedded.tomcat.TomcatWebServer [0;39m [2m:[0;39m Tomcat initialized with port(s): 8888 (http)
[2m2020-08-05 12:12:27.611[0;39m [32m INFO[0;39m [35m6188[0;39m [2m---[0;39m [2m[  restartedMain][0;39m [36mw.s.c.ServletWebServerApplicationContext[0;39m [2m:[0;39m Root WebApplicationContext: initialization completed in 1994 ms
[2m2020-08-05 12:12:28.354[0;39m [32m INFO[0;39m [35m6188[0;39m [2m---[0;39m [2m[  restartedMain][0;39m [36m.s.s.UserDetailsServiceAutoConfiguration[0;39m [2m:[0;39m 

Using generated security password: 720d4a50-bd04-42e9-a3b4-4b10308e93a4

[2m2020-08-05 12:12:28.372[0;39m [32m INFO[0;39m [35m6188[0;39m [2m---[0;39m [2m[  restartedMain][0;39m [36mo.s.s.web.DefaultSecurityFilterChain    [0;39m [2m:[0;39m Creating filter chain: any request, [org.springframework.security.web.context.request.async.WebAsyncManagerIntegrationFilter@15599a9b, org.springframework.security.web.context.SecurityContextPersistenceFilter@6b234051, org.springframework.security.web.header.HeaderWriterFilter@3d332fd1, org.springframework.security.web.authentication.logout.LogoutFilter@ad84e50, org.springframework.security.web.savedrequest.RequestCacheAwareFilter@1f8003cb, org.springframework.security.web.servletapi.SecurityContextHolderAwareRequestFilter@3be9ea4d, org.springframework.security.web.authentication.AnonymousAuthenticationFilter@6196b1ff, org.springframework.security.web.session.SessionManagementFilter@5082047c, org.springframework.security.web.access.ExceptionTranslationFilter@31d8b1f7]
[2m2020-08-05 12:12:28.476[0;39m [32m INFO[0;39m [35m6188[0;39m [2m---[0;39m [2m[  restartedMain][0;39m [36mo.s.s.concurrent.ThreadPoolTaskExecutor [0;39m [2m:[0;39m Initializing ExecutorService 'applicationTaskExecutor'
[2m2020-08-05 12:12:28.498[0;39m [32m INFO[0;39m [35m6188[0;39m [2m---[0;39m [2m[  restartedMain][0;39m [36mo.s.b.d.a.OptionalLiveReloadServer      [0;39m [2m:[0;39m LiveReload server is running on port 35729
[2m2020-08-05 12:12:28.841[0;39m [32m INFO[0;39m [35m6188[0;39m [2m---[0;39m [2m[  restartedMain][0;39m [36mo.s.b.w.embedded.tomcat.TomcatWebServer [0;39m [2m:[0;39m Tomcat started on port(s): 8888 (http) with context path '/ssafience'
[2m2020-08-05 12:12:29.217[0;39m [32m INFO[0;39m [35m6188[0;39m [2m---[0;39m [2m[  restartedMain][0;39m [36m.ConditionEvaluationDeltaLoggingListener[0;39m [2m:[0;39m Condition evaluation unchanged
[2m2020-08-05 12:12:37.902[0;39m [32m INFO[0;39m [35m6188[0;39m [2m---[0;39m [2m[    Thread-1162][0;39m [36mo.s.s.concurrent.ThreadPoolTaskExecutor [0;39m [2m:[0;39m Shutting down ExecutorService 'applicationTaskExecutor'
[2m2020-08-05 12:12:40.099[0;39m [32m INFO[0;39m [35m6188[0;39m [2m---[0;39m [2m[  restartedMain][0;39m [36mtrationDelegate$BeanPostProcessorChecker[0;39m [2m:[0;39m Bean 'org.springframework.ws.config.annotation.DelegatingWsConfiguration' of type [org.springframework.ws.config.annotation.DelegatingWsConfiguration$$EnhancerBySpringCGLIB$$35e57faf] is not eligible for getting processed by all BeanPostProcessors (for example: not eligible for auto-proxying)
[2m2020-08-05 12:12:40.100[0;39m [32m INFO[0;39m [35m6188[0;39m [2m---[0;39m [2m[  restartedMain][0;39m [36m.w.s.a.s.AnnotationActionEndpointMapping[0;39m [2m:[0;39m Supporting [WS-Addressing August 2004, WS-Addressing 1.0]
[2m2020-08-05 12:12:40.482[0;39m [32m INFO[0;39m [35m6188[0;39m [2m---[0;39m [2m[  restartedMain][0;39m [36mo.s.b.w.embedded.tomcat.TomcatWebServer [0;39m [2m:[0;39m Tomcat initialized with port(s): 8888 (http)
[2m2020-08-05 12:12:40.544[0;39m [32m INFO[0;39m [35m6188[0;39m [2m---[0;39m [2m[  restartedMain][0;39m [36mw.s.c.ServletWebServerApplicationContext[0;39m [2m:[0;39m Root WebApplicationContext: initialization completed in 2098 ms
[2m2020-08-05 12:12:41.326[0;39m [32m INFO[0;39m [35m6188[0;39m [2m---[0;39m [2m[  restartedMain][0;39m [36m.s.s.UserDetailsServiceAutoConfiguration[0;39m [2m:[0;39m 

Using generated security password: eef6fae2-6fda-4bdf-a7fa-af600e765d0d

[2m2020-08-05 12:12:41.345[0;39m [32m INFO[0;39m [35m6188[0;39m [2m---[0;39m [2m[  restartedMain][0;39m [36mo.s.s.web.DefaultSecurityFilterChain    [0;39m [2m:[0;39m Creating filter chain: any request, [org.springframework.security.web.context.request.async.WebAsyncManagerIntegrationFilter@a8fa1e7, org.springframework.security.web.context.SecurityContextPersistenceFilter@4afeb3cc, org.springframework.security.web.header.HeaderWriterFilter@5207c7d, org.springframework.security.web.authentication.logout.LogoutFilter@4f9adca, org.springframework.security.web.savedrequest.RequestCacheAwareFilter@58dac446, org.springframework.security.web.servletapi.SecurityContextHolderAwareRequestFilter@5e9f98b4, org.springframework.security.web.authentication.AnonymousAuthenticationFilter@28f7d23a, org.springframework.security.web.session.SessionManagementFilter@27685680, org.springframework.security.web.access.ExceptionTranslationFilter@732a09d]
[2m2020-08-05 12:12:41.451[0;39m [32m INFO[0;39m [35m6188[0;39m [2m---[0;39m [2m[  restartedMain][0;39m [36mo.s.s.concurrent.ThreadPoolTaskExecutor [0;39m [2m:[0;39m Initializing ExecutorService 'applicationTaskExecutor'
[2m2020-08-05 12:12:41.475[0;39m [32m INFO[0;39m [35m6188[0;39m [2m---[0;39m [2m[  restartedMain][0;39m [36mo.s.b.d.a.OptionalLiveReloadServer      [0;39m [2m:[0;39m LiveReload server is running on port 35729
[2m2020-08-05 12:12:41.810[0;39m [32m INFO[0;39m [35m6188[0;39m [2m---[0;39m [2m[  restartedMain][0;39m [36mo.s.b.w.embedded.tomcat.TomcatWebServer [0;39m [2m:[0;39m Tomcat started on port(s): 8888 (http) with context path '/ssafience'
[2m2020-08-05 12:12:41.834[0;39m [32m INFO[0;39m [35m6188[0;39m [2m---[0;39m [2m[nio-8888-exec-1][0;39m [36mo.s.web.servlet.DispatcherServlet       [0;39m [2m:[0;39m Initializing Servlet 'dispatcherServlet'
[2m2020-08-05 12:12:41.847[0;39m [32m INFO[0;39m [35m6188[0;39m [2m---[0;39m [2m[nio-8888-exec-1][0;39m [36mo.s.web.servlet.DispatcherServlet       [0;39m [2m:[0;39m Completed initialization in 10 ms
[2m2020-08-05 12:12:42.299[0;39m [32m INFO[0;39m [35m6188[0;39m [2m---[0;39m [2m[  restartedMain][0;39m [36m.ConditionEvaluationDeltaLoggingListener[0;39m [2m:[0;39m Condition evaluation unchanged
[2m2020-08-05 12:13:14.461[0;39m [32m INFO[0;39m [35m6188[0;39m [2m---[0;39m [2m[    Thread-1355][0;39m [36mo.s.s.concurrent.ThreadPoolTaskExecutor [0;39m [2m:[0;39m Shutting down ExecutorService 'applicationTaskExecutor'
[2m2020-08-05 12:13:16.873[0;39m [32m INFO[0;39m [35m6188[0;39m [2m---[0;39m [2m[  restartedMain][0;39m [36mtrationDelegate$BeanPostProcessorChecker[0;39m [2m:[0;39m Bean 'org.springframework.ws.config.annotation.DelegatingWsConfiguration' of type [org.springframework.ws.config.annotation.DelegatingWsConfiguration$$EnhancerBySpringCGLIB$$35e57faf] is not eligible for getting processed by all BeanPostProcessors (for example: not eligible for auto-proxying)
[2m2020-08-05 12:13:16.876[0;39m [32m INFO[0;39m [35m6188[0;39m [2m---[0;39m [2m[  restartedMain][0;39m [36m.w.s.a.s.AnnotationActionEndpointMapping[0;39m [2m:[0;39m Supporting [WS-Addressing August 2004, WS-Addressing 1.0]
[2m2020-08-05 12:13:17.238[0;39m [32m INFO[0;39m [35m6188[0;39m [2m---[0;39m [2m[  restartedMain][0;39m [36mo.s.b.w.embedded.tomcat.TomcatWebServer [0;39m [2m:[0;39m Tomcat initialized with port(s): 8888 (http)
[2m2020-08-05 12:13:17.299[0;39m [32m INFO[0;39m [35m6188[0;39m [2m---[0;39m [2m[  restartedMain][0;39m [36mw.s.c.ServletWebServerApplicationContext[0;39m [2m:[0;39m Root WebApplicationContext: initialization completed in 2079 ms
[2m2020-08-05 12:13:18.050[0;39m [32m INFO[0;39m [35m6188[0;39m [2m---[0;39m [2m[  restartedMain][0;39m [36m.s.s.UserDetailsServiceAutoConfiguration[0;39m [2m:[0;39m 

Using generated security password: 74fe3f07-28fb-4c07-9f84-f1b5654cf0b7

[2m2020-08-05 12:13:18.069[0;39m [32m INFO[0;39m [35m6188[0;39m [2m---[0;39m [2m[  restartedMain][0;39m [36mo.s.s.web.DefaultSecurityFilterChain    [0;39m [2m:[0;39m Creating filter chain: any request, [org.springframework.security.web.context.request.async.WebAsyncManagerIntegrationFilter@292d3409, org.springframework.security.web.context.SecurityContextPersistenceFilter@6f30efcb, org.springframework.security.web.header.HeaderWriterFilter@668757fb, org.springframework.security.web.authentication.logout.LogoutFilter@45a16c27, org.springframework.security.web.savedrequest.RequestCacheAwareFilter@63e1e02a, org.springframework.security.web.servletapi.SecurityContextHolderAwareRequestFilter@3f855b22, org.springframework.security.web.authentication.AnonymousAuthenticationFilter@3c642645, org.springframework.security.web.session.SessionManagementFilter@2d37e4e5, org.springframework.security.web.access.ExceptionTranslationFilter@14231fd8]
[2m2020-08-05 12:13:18.168[0;39m [32m INFO[0;39m [35m6188[0;39m [2m---[0;39m [2m[  restartedMain][0;39m [36mo.s.s.concurrent.ThreadPoolTaskExecutor [0;39m [2m:[0;39m Initializing ExecutorService 'applicationTaskExecutor'
[2m2020-08-05 12:13:18.188[0;39m [32m INFO[0;39m [35m6188[0;39m [2m---[0;39m [2m[  restartedMain][0;39m [36mo.s.b.d.a.OptionalLiveReloadServer      [0;39m [2m:[0;39m LiveReload server is running on port 35729
[2m2020-08-05 12:13:18.524[0;39m [32m INFO[0;39m [35m6188[0;39m [2m---[0;39m [2m[  restartedMain][0;39m [36mo.s.b.w.embedded.tomcat.TomcatWebServer [0;39m [2m:[0;39m Tomcat started on port(s): 8888 (http) with context path '/ssafience'
[2m2020-08-05 12:13:18.877[0;39m [32m INFO[0;39m [35m6188[0;39m [2m---[0;39m [2m[  restartedMain][0;39m [36m.ConditionEvaluationDeltaLoggingListener[0;39m [2m:[0;39m Condition evaluation unchanged
[2m2020-08-05 12:13:29.792[0;39m [32m INFO[0;39m [35m6188[0;39m [2m---[0;39m [2m[    Thread-1548][0;39m [36mo.s.s.concurrent.ThreadPoolTaskExecutor [0;39m [2m:[0;39m Shutting down ExecutorService 'applicationTaskExecutor'
[2m2020-08-05 12:13:32.030[0;39m [32m INFO[0;39m [35m6188[0;39m [2m---[0;39m [2m[  restartedMain][0;39m [36mtrationDelegate$BeanPostProcessorChecker[0;39m [2m:[0;39m Bean 'org.springframework.ws.config.annotation.DelegatingWsConfiguration' of type [org.springframework.ws.config.annotation.DelegatingWsConfiguration$$EnhancerBySpringCGLIB$$35e57faf] is not eligible for getting processed by all BeanPostProcessors (for example: not eligible for auto-proxying)
[2m2020-08-05 12:13:32.034[0;39m [32m INFO[0;39m [35m6188[0;39m [2m---[0;39m [2m[  restartedMain][0;39m [36m.w.s.a.s.AnnotationActionEndpointMapping[0;39m [2m:[0;39m Supporting [WS-Addressing August 2004, WS-Addressing 1.0]
[2m2020-08-05 12:13:32.486[0;39m [32m INFO[0;39m [35m6188[0;39m [2m---[0;39m [2m[  restartedMain][0;39m [36mo.s.b.w.embedded.tomcat.TomcatWebServer [0;39m [2m:[0;39m Tomcat initialized with port(s): 8888 (http)
[2m2020-08-05 12:13:32.546[0;39m [32m INFO[0;39m [35m6188[0;39m [2m---[0;39m [2m[  restartedMain][0;39m [36mw.s.c.ServletWebServerApplicationContext[0;39m [2m:[0;39m Root WebApplicationContext: initialization completed in 2266 ms
[2m2020-08-05 12:13:33.331[0;39m [32m INFO[0;39m [35m6188[0;39m [2m---[0;39m [2m[  restartedMain][0;39m [36m.s.s.UserDetailsServiceAutoConfiguration[0;39m [2m:[0;39m 

Using generated security password: 543e9609-3bfd-41d5-8e4b-ecd5c0ef37bc

[2m2020-08-05 12:13:33.351[0;39m [32m INFO[0;39m [35m6188[0;39m [2m---[0;39m [2m[  restartedMain][0;39m [36mo.s.s.web.DefaultSecurityFilterChain    [0;39m [2m:[0;39m Creating filter chain: any request, [org.springframework.security.web.context.request.async.WebAsyncManagerIntegrationFilter@1812e6ac, org.springframework.security.web.context.SecurityContextPersistenceFilter@6a7dcd77, org.springframework.security.web.header.HeaderWriterFilter@313be6fc, org.springframework.security.web.authentication.logout.LogoutFilter@389a5d96, org.springframework.security.web.savedrequest.RequestCacheAwareFilter@4f4decad, org.springframework.security.web.servletapi.SecurityContextHolderAwareRequestFilter@21afffbe, org.springframework.security.web.authentication.AnonymousAuthenticationFilter@461eb81f, org.springframework.security.web.session.SessionManagementFilter@77fd48e6, org.springframework.security.web.access.ExceptionTranslationFilter@435cd92c]
[2m2020-08-05 12:13:33.468[0;39m [32m INFO[0;39m [35m6188[0;39m [2m---[0;39m [2m[  restartedMain][0;39m [36mo.s.s.concurrent.ThreadPoolTaskExecutor [0;39m [2m:[0;39m Initializing ExecutorService 'applicationTaskExecutor'
[2m2020-08-05 12:13:33.492[0;39m [32m INFO[0;39m [35m6188[0;39m [2m---[0;39m [2m[  restartedMain][0;39m [36mo.s.b.d.a.OptionalLiveReloadServer      [0;39m [2m:[0;39m LiveReload server is running on port 35729
[2m2020-08-05 12:13:33.836[0;39m [32m INFO[0;39m [35m6188[0;39m [2m---[0;39m [2m[  restartedMain][0;39m [36mo.s.b.w.embedded.tomcat.TomcatWebServer [0;39m [2m:[0;39m Tomcat started on port(s): 8888 (http) with context path '/ssafience'
[2m2020-08-05 12:13:33.924[0;39m [32m INFO[0;39m [35m6188[0;39m [2m---[0;39m [2m[nio-8888-exec-1][0;39m [36mo.s.web.servlet.DispatcherServlet       [0;39m [2m:[0;39m Initializing Servlet 'dispatcherServlet'
[2m2020-08-05 12:13:33.938[0;39m [32m INFO[0;39m [35m6188[0;39m [2m---[0;39m [2m[nio-8888-exec-1][0;39m [36mo.s.web.servlet.DispatcherServlet       [0;39m [2m:[0;39m Completed initialization in 10 ms
[2m2020-08-05 12:13:34.280[0;39m [32m INFO[0;39m [35m6188[0;39m [2m---[0;39m [2m[  restartedMain][0;39m [36m.ConditionEvaluationDeltaLoggingListener[0;39m [2m:[0;39m Condition evaluation unchanged
[2m2020-08-05 12:14:49.019[0;39m [32m INFO[0;39m [35m6188[0;39m [2m---[0;39m [2m[on(2)-127.0.0.1][0;39m [36minMXBeanRegistrar$SpringApplicationAdmin[0;39m [2m:[0;39m Application shutdown requested.
[2m2020-08-05 12:14:50.672[0;39m [32m INFO[0;39m [35m6188[0;39m [2m---[0;39m [2m[on(2)-127.0.0.1][0;39m [36mo.s.s.concurrent.ThreadPoolTaskExecutor [0;39m [2m:[0;39m Shutting down ExecutorService 'applicationTaskExecutor'
[2m2020-08-05 14:43:36.842[0;39m [32m INFO[0;39m [35m17580[0;39m [2m---[0;39m [2m[  restartedMain][0;39m [36m.e.DevToolsPropertyDefaultsPostProcessor[0;39m [2m:[0;39m Devtools property defaults active! Set 'spring.devtools.add-properties' to 'false' to disable
[2m2020-08-05 14:43:36.850[0;39m [32m INFO[0;39m [35m17580[0;39m [2m---[0;39m [2m[  restartedMain][0;39m [36m.e.DevToolsPropertyDefaultsPostProcessor[0;39m [2m:[0;39m For additional web related logging consider setting the 'logging.level.web' property to 'DEBUG'
[2m2020-08-05 14:43:41.485[0;39m [32m INFO[0;39m [35m17580[0;39m [2m---[0;39m [2m[  restartedMain][0;39m [36mtrationDelegate$BeanPostProcessorChecker[0;39m [2m:[0;39m Bean 'org.springframework.ws.config.annotation.DelegatingWsConfiguration' of type [org.springframework.ws.config.annotation.DelegatingWsConfiguration$$EnhancerBySpringCGLIB$$57de7dd8] is not eligible for getting processed by all BeanPostProcessors (for example: not eligible for auto-proxying)
[2m2020-08-05 14:43:41.583[0;39m [32m INFO[0;39m [35m17580[0;39m [2m---[0;39m [2m[  restartedMain][0;39m [36m.w.s.a.s.AnnotationActionEndpointMapping[0;39m [2m:[0;39m Supporting [WS-Addressing August 2004, WS-Addressing 1.0]
[2m2020-08-05 14:43:42.460[0;39m [32m INFO[0;39m [35m17580[0;39m [2m---[0;39m [2m[  restartedMain][0;39m [36mo.s.b.w.embedded.tomcat.TomcatWebServer [0;39m [2m:[0;39m Tomcat initialized with port(s): 8888 (http)
[2m2020-08-05 14:43:42.762[0;39m [32m INFO[0;39m [35m17580[0;39m [2m---[0;39m [2m[  restartedMain][0;39m [36mw.s.c.ServletWebServerApplicationContext[0;39m [2m:[0;39m Root WebApplicationContext: initialization completed in 5911 ms
[2m2020-08-05 14:43:45.364[0;39m [32m INFO[0;39m [35m17580[0;39m [2m---[0;39m [2m[  restartedMain][0;39m [36m.s.s.UserDetailsServiceAutoConfiguration[0;39m [2m:[0;39m 

Using generated security password: f742dc9f-bcba-4d9d-8c2f-60ae10540f99

[2m2020-08-05 14:43:45.586[0;39m [32m INFO[0;39m [35m17580[0;39m [2m---[0;39m [2m[  restartedMain][0;39m [36mo.s.s.web.DefaultSecurityFilterChain    [0;39m [2m:[0;39m Creating filter chain: any request, [org.springframework.security.web.context.request.async.WebAsyncManagerIntegrationFilter@9d97ec2, org.springframework.security.web.context.SecurityContextPersistenceFilter@5e3838ed, org.springframework.security.web.header.HeaderWriterFilter@3faca88b, org.springframework.security.web.authentication.logout.LogoutFilter@e8242f2, org.springframework.security.web.savedrequest.RequestCacheAwareFilter@262f6cf6, org.springframework.security.web.servletapi.SecurityContextHolderAwareRequestFilter@2b545892, org.springframework.security.web.authentication.AnonymousAuthenticationFilter@5d81f17a, org.springframework.security.web.session.SessionManagementFilter@5ea96b3, org.springframework.security.web.access.ExceptionTranslationFilter@125249a9]
[2m2020-08-05 14:43:45.893[0;39m [32m INFO[0;39m [35m17580[0;39m [2m---[0;39m [2m[  restartedMain][0;39m [36mo.s.s.concurrent.ThreadPoolTaskExecutor [0;39m [2m:[0;39m Initializing ExecutorService 'applicationTaskExecutor'
[2m2020-08-05 14:43:46.012[0;39m [32m INFO[0;39m [35m17580[0;39m [2m---[0;39m [2m[  restartedMain][0;39m [36mo.s.b.d.a.OptionalLiveReloadServer      [0;39m [2m:[0;39m LiveReload server is running on port 35729
[2m2020-08-05 14:43:46.711[0;39m [32m INFO[0;39m [35m17580[0;39m [2m---[0;39m [2m[  restartedMain][0;39m [36mo.s.b.w.embedded.tomcat.TomcatWebServer [0;39m [2m:[0;39m Tomcat started on port(s): 8888 (http) with context path '/ssafience'
[2m2020-08-05 14:48:42.008[0;39m [32m INFO[0;39m [35m17580[0;39m [2m---[0;39m [2m[nio-8888-exec-1][0;39m [36mo.s.web.servlet.DispatcherServlet       [0;39m [2m:[0;39m Initializing Servlet 'dispatcherServlet'
[2m2020-08-05 14:48:42.017[0;39m [32m INFO[0;39m [35m17580[0;39m [2m---[0;39m [2m[nio-8888-exec-1][0;39m [36mo.s.web.servlet.DispatcherServlet       [0;39m [2m:[0;39m Completed initialization in 8 ms
[2m2020-08-05 14:49:23.136[0;39m [32m INFO[0;39m [35m17580[0;39m [2m---[0;39m [2m[     Thread-193][0;39m [36mo.s.s.concurrent.ThreadPoolTaskExecutor [0;39m [2m:[0;39m Shutting down ExecutorService 'applicationTaskExecutor'
[2m2020-08-05 14:49:25.558[0;39m [32m INFO[0;39m [35m17580[0;39m [2m---[0;39m [2m[  restartedMain][0;39m [36mtrationDelegate$BeanPostProcessorChecker[0;39m [2m:[0;39m Bean 'org.springframework.ws.config.annotation.DelegatingWsConfiguration' of type [org.springframework.ws.config.annotation.DelegatingWsConfiguration$$EnhancerBySpringCGLIB$$57de7dd8] is not eligible for getting processed by all BeanPostProcessors (for example: not eligible for auto-proxying)
[2m2020-08-05 14:49:25.565[0;39m [32m INFO[0;39m [35m17580[0;39m [2m---[0;39m [2m[  restartedMain][0;39m [36m.w.s.a.s.AnnotationActionEndpointMapping[0;39m [2m:[0;39m Supporting [WS-Addressing August 2004, WS-Addressing 1.0]
[2m2020-08-05 14:49:25.920[0;39m [32m INFO[0;39m [35m17580[0;39m [2m---[0;39m [2m[  restartedMain][0;39m [36mo.s.b.w.embedded.tomcat.TomcatWebServer [0;39m [2m:[0;39m Tomcat initialized with port(s): 8888 (http)
[2m2020-08-05 14:49:25.983[0;39m [32m INFO[0;39m [35m17580[0;39m [2m---[0;39m [2m[  restartedMain][0;39m [36mw.s.c.ServletWebServerApplicationContext[0;39m [2m:[0;39m Root WebApplicationContext: initialization completed in 2244 ms
[2m2020-08-05 14:49:27.057[0;39m [32m INFO[0;39m [35m17580[0;39m [2m---[0;39m [2m[  restartedMain][0;39m [36m.s.s.UserDetailsServiceAutoConfiguration[0;39m [2m:[0;39m 

Using generated security password: 689230e9-608f-43ef-a25c-23f5d5132dfc

[2m2020-08-05 14:49:27.078[0;39m [32m INFO[0;39m [35m17580[0;39m [2m---[0;39m [2m[  restartedMain][0;39m [36mo.s.s.web.DefaultSecurityFilterChain    [0;39m [2m:[0;39m Creating filter chain: any request, [org.springframework.security.web.context.request.async.WebAsyncManagerIntegrationFilter@16deec61, org.springframework.security.web.context.SecurityContextPersistenceFilter@69b321e9, org.springframework.security.web.header.HeaderWriterFilter@70956c92, org.springframework.security.web.authentication.logout.LogoutFilter@8f777e8, org.springframework.security.web.savedrequest.RequestCacheAwareFilter@6dde7d3a, org.springframework.security.web.servletapi.SecurityContextHolderAwareRequestFilter@36f46def, org.springframework.security.web.authentication.AnonymousAuthenticationFilter@3d06040, org.springframework.security.web.session.SessionManagementFilter@2f98f19, org.springframework.security.web.access.ExceptionTranslationFilter@7e6f40cd]
[2m2020-08-05 14:49:27.203[0;39m [32m INFO[0;39m [35m17580[0;39m [2m---[0;39m [2m[  restartedMain][0;39m [36mo.s.s.concurrent.ThreadPoolTaskExecutor [0;39m [2m:[0;39m Initializing ExecutorService 'applicationTaskExecutor'
[2m2020-08-05 14:49:27.226[0;39m [32m INFO[0;39m [35m17580[0;39m [2m---[0;39m [2m[  restartedMain][0;39m [36mo.s.b.d.a.OptionalLiveReloadServer      [0;39m [2m:[0;39m LiveReload server is running on port 35729
[2m2020-08-05 14:49:27.573[0;39m [32m INFO[0;39m [35m17580[0;39m [2m---[0;39m [2m[  restartedMain][0;39m [36mo.s.b.w.embedded.tomcat.TomcatWebServer [0;39m [2m:[0;39m Tomcat started on port(s): 8888 (http) with context path '/ssafience'
[2m2020-08-05 14:49:28.085[0;39m [32m INFO[0;39m [35m17580[0;39m [2m---[0;39m [2m[  restartedMain][0;39m [36m.ConditionEvaluationDeltaLoggingListener[0;39m [2m:[0;39m Condition evaluation unchanged
[2m2020-08-05 14:50:30.698[0;39m [32m INFO[0;39m [35m17580[0;39m [2m---[0;39m [2m[nio-8888-exec-1][0;39m [36mo.s.web.servlet.DispatcherServlet       [0;39m [2m:[0;39m Initializing Servlet 'dispatcherServlet'
[2m2020-08-05 14:50:30.712[0;39m [32m INFO[0;39m [35m17580[0;39m [2m---[0;39m [2m[nio-8888-exec-1][0;39m [36mo.s.web.servlet.DispatcherServlet       [0;39m [2m:[0;39m Completed initialization in 9 ms
[2m2020-08-05 14:51:46.522[0;39m [32m INFO[0;39m [35m17580[0;39m [2m---[0;39m [2m[     Thread-197][0;39m [36mo.s.s.concurrent.ThreadPoolTaskExecutor [0;39m [2m:[0;39m Shutting down ExecutorService 'applicationTaskExecutor'
[2m2020-08-05 14:51:49.337[0;39m [32m INFO[0;39m [35m17580[0;39m [2m---[0;39m [2m[  restartedMain][0;39m [36mtrationDelegate$BeanPostProcessorChecker[0;39m [2m:[0;39m Bean 'org.springframework.ws.config.annotation.DelegatingWsConfiguration' of type [org.springframework.ws.config.annotation.DelegatingWsConfiguration$$EnhancerBySpringCGLIB$$57de7dd8] is not eligible for getting processed by all BeanPostProcessors (for example: not eligible for auto-proxying)
[2m2020-08-05 14:51:49.341[0;39m [32m INFO[0;39m [35m17580[0;39m [2m---[0;39m [2m[  restartedMain][0;39m [36m.w.s.a.s.AnnotationActionEndpointMapping[0;39m [2m:[0;39m Supporting [WS-Addressing August 2004, WS-Addressing 1.0]
[2m2020-08-05 14:51:49.709[0;39m [32m INFO[0;39m [35m17580[0;39m [2m---[0;39m [2m[  restartedMain][0;39m [36mo.s.b.w.embedded.tomcat.TomcatWebServer [0;39m [2m:[0;39m Tomcat initialized with port(s): 8888 (http)
[2m2020-08-05 14:51:49.773[0;39m [32m INFO[0;39m [35m17580[0;39m [2m---[0;39m [2m[  restartedMain][0;39m [36mw.s.c.ServletWebServerApplicationContext[0;39m [2m:[0;39m Root WebApplicationContext: initialization completed in 2625 ms
[2m2020-08-05 14:51:50.605[0;39m [32m INFO[0;39m [35m17580[0;39m [2m---[0;39m [2m[  restartedMain][0;39m [36m.s.s.UserDetailsServiceAutoConfiguration[0;39m [2m:[0;39m 

Using generated security password: fae3dbdd-41b2-4320-995d-095143bd7457

[2m2020-08-05 14:51:50.624[0;39m [32m INFO[0;39m [35m17580[0;39m [2m---[0;39m [2m[  restartedMain][0;39m [36mo.s.s.web.DefaultSecurityFilterChain    [0;39m [2m:[0;39m Creating filter chain: any request, [org.springframework.security.web.context.request.async.WebAsyncManagerIntegrationFilter@11b10b66, org.springframework.security.web.context.SecurityContextPersistenceFilter@2d418a12, org.springframework.security.web.header.HeaderWriterFilter@7ca01b53, org.springframework.security.web.authentication.logout.LogoutFilter@5344bba5, org.springframework.security.web.savedrequest.RequestCacheAwareFilter@17daadb6, org.springframework.security.web.servletapi.SecurityContextHolderAwareRequestFilter@6b5c469d, org.springframework.security.web.authentication.AnonymousAuthenticationFilter@1850df63, org.springframework.security.web.session.SessionManagementFilter@3535c41, org.springframework.security.web.access.ExceptionTranslationFilter@71f97b0f]
[2m2020-08-05 14:51:50.735[0;39m [32m INFO[0;39m [35m17580[0;39m [2m---[0;39m [2m[  restartedMain][0;39m [36mo.s.s.concurrent.ThreadPoolTaskExecutor [0;39m [2m:[0;39m Initializing ExecutorService 'applicationTaskExecutor'
[2m2020-08-05 14:51:50.758[0;39m [32m INFO[0;39m [35m17580[0;39m [2m---[0;39m [2m[  restartedMain][0;39m [36mo.s.b.d.a.OptionalLiveReloadServer      [0;39m [2m:[0;39m LiveReload server is running on port 35729
[2m2020-08-05 14:51:51.132[0;39m [32m INFO[0;39m [35m17580[0;39m [2m---[0;39m [2m[  restartedMain][0;39m [36mo.s.b.w.embedded.tomcat.TomcatWebServer [0;39m [2m:[0;39m Tomcat started on port(s): 8888 (http) with context path '/ssafience'
[2m2020-08-05 14:51:51.588[0;39m [32m INFO[0;39m [35m17580[0;39m [2m---[0;39m [2m[  restartedMain][0;39m [36m.ConditionEvaluationDeltaLoggingListener[0;39m [2m:[0;39m Condition evaluation unchanged
[2m2020-08-05 14:51:59.505[0;39m [32m INFO[0;39m [35m17580[0;39m [2m---[0;39m [2m[nio-8888-exec-1][0;39m [36mo.s.web.servlet.DispatcherServlet       [0;39m [2m:[0;39m Initializing Servlet 'dispatcherServlet'
[2m2020-08-05 14:51:59.519[0;39m [32m INFO[0;39m [35m17580[0;39m [2m---[0;39m [2m[nio-8888-exec-1][0;39m [36mo.s.web.servlet.DispatcherServlet       [0;39m [2m:[0;39m Completed initialization in 8 ms
[2m2020-08-05 14:52:26.122[0;39m [31mERROR[0;39m [35m17580[0;39m [2m---[0;39m [2m[nio-8888-exec-3][0;39m [36mo.a.c.c.C.[.[.[.[dispatcherServlet]     [0;39m [2m:[0;39m Servlet.service() for servlet [dispatcherServlet] in context with path [/ssafience] threw exception [Request processing failed; nested exception is java.lang.IllegalStateException: Ambiguous handler methods mapped for '/ssafience/api/program/board/17': {public org.springframework.http.ResponseEntity com.ssafy.ssafience.controller.ProgramBoardController.getBoardOne(int), public org.springframework.http.ResponseEntity com.ssafy.ssafience.controller.ProgramBoardController.getMemberBoardList(java.lang.String)}] with root cause

java.lang.IllegalStateException: Ambiguous handler methods mapped for '/ssafience/api/program/board/17': {public org.springframework.http.ResponseEntity com.ssafy.ssafience.controller.ProgramBoardController.getBoardOne(int), public org.springframework.http.ResponseEntity com.ssafy.ssafience.controller.ProgramBoardController.getMemberBoardList(java.lang.String)}
	at org.springframework.web.servlet.handler.AbstractHandlerMethodMapping.lookupHandlerMethod(AbstractHandlerMethodMapping.java:413)
	at org.springframework.web.servlet.handler.AbstractHandlerMethodMapping.getHandlerInternal(AbstractHandlerMethodMapping.java:367)
	at org.springframework.web.servlet.mvc.method.RequestMappingInfoHandlerMapping.getHandlerInternal(RequestMappingInfoHandlerMapping.java:110)
	at org.springframework.web.servlet.mvc.method.RequestMappingInfoHandlerMapping.getHandlerInternal(RequestMappingInfoHandlerMapping.java:59)
	at org.springframework.web.servlet.handler.AbstractHandlerMapping.getHandler(AbstractHandlerMapping.java:395)
	at org.springframework.web.servlet.DispatcherServlet.getHandler(DispatcherServlet.java:1234)
	at org.springframework.web.servlet.DispatcherServlet.doDispatch(DispatcherServlet.java:1016)
	at org.springframework.web.servlet.DispatcherServlet.doService(DispatcherServlet.java:943)
	at org.springframework.web.servlet.FrameworkServlet.processRequest(FrameworkServlet.java:1006)
	at org.springframework.web.servlet.FrameworkServlet.doGet(FrameworkServlet.java:898)
	at javax.servlet.http.HttpServlet.service(HttpServlet.java:634)
	at org.springframework.web.servlet.FrameworkServlet.service(FrameworkServlet.java:883)
	at javax.servlet.http.HttpServlet.service(HttpServlet.java:741)
	at org.apache.catalina.core.ApplicationFilterChain.internalDoFilter(ApplicationFilterChain.java:231)
	at org.apache.catalina.core.ApplicationFilterChain.doFilter(ApplicationFilterChain.java:166)
	at org.apache.tomcat.websocket.server.WsFilter.doFilter(WsFilter.java:53)
	at org.apache.catalina.core.ApplicationFilterChain.internalDoFilter(ApplicationFilterChain.java:193)
	at org.apache.catalina.core.ApplicationFilterChain.doFilter(ApplicationFilterChain.java:166)
	at org.springframework.security.web.FilterChainProxy$VirtualFilterChain.doFilter(FilterChainProxy.java:320)
	at org.springframework.security.web.access.ExceptionTranslationFilter.doFilter(ExceptionTranslationFilter.java:118)
	at org.springframework.security.web.FilterChainProxy$VirtualFilterChain.doFilter(FilterChainProxy.java:334)
	at org.springframework.security.web.session.SessionManagementFilter.doFilter(SessionManagementFilter.java:137)
	at org.springframework.security.web.FilterChainProxy$VirtualFilterChain.doFilter(FilterChainProxy.java:334)
	at org.springframework.security.web.authentication.AnonymousAuthenticationFilter.doFilter(AnonymousAuthenticationFilter.java:111)
	at org.springframework.security.web.FilterChainProxy$VirtualFilterChain.doFilter(FilterChainProxy.java:334)
	at org.springframework.security.web.servletapi.SecurityContextHolderAwareRequestFilter.doFilter(SecurityContextHolderAwareRequestFilter.java:158)
	at org.springframework.security.web.FilterChainProxy$VirtualFilterChain.doFilter(FilterChainProxy.java:334)
	at org.springframework.security.web.savedrequest.RequestCacheAwareFilter.doFilter(RequestCacheAwareFilter.java:63)
	at org.springframework.security.web.FilterChainProxy$VirtualFilterChain.doFilter(FilterChainProxy.java:334)
	at org.springframework.security.web.authentication.logout.LogoutFilter.doFilter(LogoutFilter.java:116)
	at org.springframework.security.web.FilterChainProxy$VirtualFilterChain.doFilter(FilterChainProxy.java:334)
	at org.springframework.security.web.header.HeaderWriterFilter.doHeadersAfter(HeaderWriterFilter.java:92)
	at org.springframework.security.web.header.HeaderWriterFilter.doFilterInternal(HeaderWriterFilter.java:77)
	at org.springframework.web.filter.OncePerRequestFilter.doFilter(OncePerRequestFilter.java:119)
	at org.springframework.security.web.FilterChainProxy$VirtualFilterChain.doFilter(FilterChainProxy.java:334)
	at org.springframework.security.web.context.SecurityContextPersistenceFilter.doFilter(SecurityContextPersistenceFilter.java:105)
	at org.springframework.security.web.FilterChainProxy$VirtualFilterChain.doFilter(FilterChainProxy.java:334)
	at org.springframework.security.web.context.request.async.WebAsyncManagerIntegrationFilter.doFilterInternal(WebAsyncManagerIntegrationFilter.java:56)
	at org.springframework.web.filter.OncePerRequestFilter.doFilter(OncePerRequestFilter.java:119)
	at org.springframework.security.web.FilterChainProxy$VirtualFilterChain.doFilter(FilterChainProxy.java:334)
	at org.springframework.security.web.FilterChainProxy.doFilterInternal(FilterChainProxy.java:215)
	at org.springframework.security.web.FilterChainProxy.doFilter(FilterChainProxy.java:178)
	at org.springframework.web.filter.DelegatingFilterProxy.invokeDelegate(DelegatingFilterProxy.java:358)
	at org.springframework.web.filter.DelegatingFilterProxy.doFilter(DelegatingFilterProxy.java:271)
	at org.apache.catalina.core.ApplicationFilterChain.internalDoFilter(ApplicationFilterChain.java:193)
	at org.apache.catalina.core.ApplicationFilterChain.doFilter(ApplicationFilterChain.java:166)
	at org.springframework.web.filter.RequestContextFilter.doFilterInternal(RequestContextFilter.java:100)
	at org.springframework.web.filter.OncePerRequestFilter.doFilter(OncePerRequestFilter.java:119)
	at org.apache.catalina.core.ApplicationFilterChain.internalDoFilter(ApplicationFilterChain.java:193)
	at org.apache.catalina.core.ApplicationFilterChain.doFilter(ApplicationFilterChain.java:166)
	at org.springframework.web.filter.FormContentFilter.doFilterInternal(FormContentFilter.java:93)
	at org.springframework.web.filter.OncePerRequestFilter.doFilter(OncePerRequestFilter.java:119)
	at org.apache.catalina.core.ApplicationFilterChain.internalDoFilter(ApplicationFilterChain.java:193)
	at org.apache.catalina.core.ApplicationFilterChain.doFilter(ApplicationFilterChain.java:166)
	at org.springframework.web.filter.CharacterEncodingFilter.doFilterInternal(CharacterEncodingFilter.java:201)
	at org.springframework.web.filter.OncePerRequestFilter.doFilter(OncePerRequestFilter.java:119)
	at org.apache.catalina.core.ApplicationFilterChain.internalDoFilter(ApplicationFilterChain.java:193)
	at org.apache.catalina.core.ApplicationFilterChain.doFilter(ApplicationFilterChain.java:166)
	at org.apache.catalina.core.StandardWrapperValve.invoke(StandardWrapperValve.java:202)
	at org.apache.catalina.core.StandardContextValve.invoke(StandardContextValve.java:96)
	at org.apache.catalina.authenticator.AuthenticatorBase.invoke(AuthenticatorBase.java:541)
	at org.apache.catalina.core.StandardHostValve.invoke(StandardHostValve.java:139)
	at org.apache.catalina.valves.ErrorReportValve.invoke(ErrorReportValve.java:92)
	at org.apache.catalina.core.StandardEngineValve.invoke(StandardEngineValve.java:74)
	at org.apache.catalina.connector.CoyoteAdapter.service(CoyoteAdapter.java:343)
	at org.apache.coyote.http11.Http11Processor.service(Http11Processor.java:373)
	at org.apache.coyote.AbstractProcessorLight.process(AbstractProcessorLight.java:65)
	at org.apache.coyote.AbstractProtocol$ConnectionHandler.process(AbstractProtocol.java:868)
	at org.apache.tomcat.util.net.NioEndpoint$SocketProcessor.doRun(NioEndpoint.java:1590)
	at org.apache.tomcat.util.net.SocketProcessorBase.run(SocketProcessorBase.java:49)
	at java.util.concurrent.ThreadPoolExecutor.runWorker(ThreadPoolExecutor.java:1149)
	at java.util.concurrent.ThreadPoolExecutor$Worker.run(ThreadPoolExecutor.java:624)
	at org.apache.tomcat.util.threads.TaskThread$WrappingRunnable.run(TaskThread.java:61)
	at java.lang.Thread.run(Thread.java:748)

[2m2020-08-05 14:55:02.417[0;39m [31mERROR[0;39m [35m17580[0;39m [2m---[0;39m [2m[nio-8888-exec-8][0;39m [36mo.a.c.c.C.[.[.[.[dispatcherServlet]     [0;39m [2m:[0;39m Servlet.service() for servlet [dispatcherServlet] in context with path [/ssafience] threw exception [Request processing failed; nested exception is java.lang.IllegalStateException: Ambiguous handler methods mapped for '/ssafience/api/program/board/1': {public org.springframework.http.ResponseEntity com.ssafy.ssafience.controller.ProgramBoardController.getBoardOne(int), public org.springframework.http.ResponseEntity com.ssafy.ssafience.controller.ProgramBoardController.getMemberBoardList(java.lang.String)}] with root cause

java.lang.IllegalStateException: Ambiguous handler methods mapped for '/ssafience/api/program/board/1': {public org.springframework.http.ResponseEntity com.ssafy.ssafience.controller.ProgramBoardController.getBoardOne(int), public org.springframework.http.ResponseEntity com.ssafy.ssafience.controller.ProgramBoardController.getMemberBoardList(java.lang.String)}
	at org.springframework.web.servlet.handler.AbstractHandlerMethodMapping.lookupHandlerMethod(AbstractHandlerMethodMapping.java:413)
	at org.springframework.web.servlet.handler.AbstractHandlerMethodMapping.getHandlerInternal(AbstractHandlerMethodMapping.java:367)
	at org.springframework.web.servlet.mvc.method.RequestMappingInfoHandlerMapping.getHandlerInternal(RequestMappingInfoHandlerMapping.java:110)
	at org.springframework.web.servlet.mvc.method.RequestMappingInfoHandlerMapping.getHandlerInternal(RequestMappingInfoHandlerMapping.java:59)
	at org.springframework.web.servlet.handler.AbstractHandlerMapping.getHandler(AbstractHandlerMapping.java:395)
	at org.springframework.web.servlet.DispatcherServlet.getHandler(DispatcherServlet.java:1234)
	at org.springframework.web.servlet.DispatcherServlet.doDispatch(DispatcherServlet.java:1016)
	at org.springframework.web.servlet.DispatcherServlet.doService(DispatcherServlet.java:943)
	at org.springframework.web.servlet.FrameworkServlet.processRequest(FrameworkServlet.java:1006)
	at org.springframework.web.servlet.FrameworkServlet.doGet(FrameworkServlet.java:898)
	at javax.servlet.http.HttpServlet.service(HttpServlet.java:634)
	at org.springframework.web.servlet.FrameworkServlet.service(FrameworkServlet.java:883)
	at javax.servlet.http.HttpServlet.service(HttpServlet.java:741)
	at org.apache.catalina.core.ApplicationFilterChain.internalDoFilter(ApplicationFilterChain.java:231)
	at org.apache.catalina.core.ApplicationFilterChain.doFilter(ApplicationFilterChain.java:166)
	at org.apache.tomcat.websocket.server.WsFilter.doFilter(WsFilter.java:53)
	at org.apache.catalina.core.ApplicationFilterChain.internalDoFilter(ApplicationFilterChain.java:193)
	at org.apache.catalina.core.ApplicationFilterChain.doFilter(ApplicationFilterChain.java:166)
	at org.springframework.security.web.FilterChainProxy$VirtualFilterChain.doFilter(FilterChainProxy.java:320)
	at org.springframework.security.web.access.ExceptionTranslationFilter.doFilter(ExceptionTranslationFilter.java:118)
	at org.springframework.security.web.FilterChainProxy$VirtualFilterChain.doFilter(FilterChainProxy.java:334)
	at org.springframework.security.web.session.SessionManagementFilter.doFilter(SessionManagementFilter.java:137)
	at org.springframework.security.web.FilterChainProxy$VirtualFilterChain.doFilter(FilterChainProxy.java:334)
	at org.springframework.security.web.authentication.AnonymousAuthenticationFilter.doFilter(AnonymousAuthenticationFilter.java:111)
	at org.springframework.security.web.FilterChainProxy$VirtualFilterChain.doFilter(FilterChainProxy.java:334)
	at org.springframework.security.web.servletapi.SecurityContextHolderAwareRequestFilter.doFilter(SecurityContextHolderAwareRequestFilter.java:158)
	at org.springframework.security.web.FilterChainProxy$VirtualFilterChain.doFilter(FilterChainProxy.java:334)
	at org.springframework.security.web.savedrequest.RequestCacheAwareFilter.doFilter(RequestCacheAwareFilter.java:63)
	at org.springframework.security.web.FilterChainProxy$VirtualFilterChain.doFilter(FilterChainProxy.java:334)
	at org.springframework.security.web.authentication.logout.LogoutFilter.doFilter(LogoutFilter.java:116)
	at org.springframework.security.web.FilterChainProxy$VirtualFilterChain.doFilter(FilterChainProxy.java:334)
	at org.springframework.security.web.header.HeaderWriterFilter.doHeadersAfter(HeaderWriterFilter.java:92)
	at org.springframework.security.web.header.HeaderWriterFilter.doFilterInternal(HeaderWriterFilter.java:77)
	at org.springframework.web.filter.OncePerRequestFilter.doFilter(OncePerRequestFilter.java:119)
	at org.springframework.security.web.FilterChainProxy$VirtualFilterChain.doFilter(FilterChainProxy.java:334)
	at org.springframework.security.web.context.SecurityContextPersistenceFilter.doFilter(SecurityContextPersistenceFilter.java:105)
	at org.springframework.security.web.FilterChainProxy$VirtualFilterChain.doFilter(FilterChainProxy.java:334)
	at org.springframework.security.web.context.request.async.WebAsyncManagerIntegrationFilter.doFilterInternal(WebAsyncManagerIntegrationFilter.java:56)
	at org.springframework.web.filter.OncePerRequestFilter.doFilter(OncePerRequestFilter.java:119)
	at org.springframework.security.web.FilterChainProxy$VirtualFilterChain.doFilter(FilterChainProxy.java:334)
	at org.springframework.security.web.FilterChainProxy.doFilterInternal(FilterChainProxy.java:215)
	at org.springframework.security.web.FilterChainProxy.doFilter(FilterChainProxy.java:178)
	at org.springframework.web.filter.DelegatingFilterProxy.invokeDelegate(DelegatingFilterProxy.java:358)
	at org.springframework.web.filter.DelegatingFilterProxy.doFilter(DelegatingFilterProxy.java:271)
	at org.apache.catalina.core.ApplicationFilterChain.internalDoFilter(ApplicationFilterChain.java:193)
	at org.apache.catalina.core.ApplicationFilterChain.doFilter(ApplicationFilterChain.java:166)
	at org.springframework.web.filter.RequestContextFilter.doFilterInternal(RequestContextFilter.java:100)
	at org.springframework.web.filter.OncePerRequestFilter.doFilter(OncePerRequestFilter.java:119)
	at org.apache.catalina.core.ApplicationFilterChain.internalDoFilter(ApplicationFilterChain.java:193)
	at org.apache.catalina.core.ApplicationFilterChain.doFilter(ApplicationFilterChain.java:166)
	at org.springframework.web.filter.FormContentFilter.doFilterInternal(FormContentFilter.java:93)
	at org.springframework.web.filter.OncePerRequestFilter.doFilter(OncePerRequestFilter.java:119)
	at org.apache.catalina.core.ApplicationFilterChain.internalDoFilter(ApplicationFilterChain.java:193)
	at org.apache.catalina.core.ApplicationFilterChain.doFilter(ApplicationFilterChain.java:166)
	at org.springframework.web.filter.CharacterEncodingFilter.doFilterInternal(CharacterEncodingFilter.java:201)
	at org.springframework.web.filter.OncePerRequestFilter.doFilter(OncePerRequestFilter.java:119)
	at org.apache.catalina.core.ApplicationFilterChain.internalDoFilter(ApplicationFilterChain.java:193)
	at org.apache.catalina.core.ApplicationFilterChain.doFilter(ApplicationFilterChain.java:166)
	at org.apache.catalina.core.StandardWrapperValve.invoke(StandardWrapperValve.java:202)
	at org.apache.catalina.core.StandardContextValve.invoke(StandardContextValve.java:96)
	at org.apache.catalina.authenticator.AuthenticatorBase.invoke(AuthenticatorBase.java:541)
	at org.apache.catalina.core.StandardHostValve.invoke(StandardHostValve.java:139)
	at org.apache.catalina.valves.ErrorReportValve.invoke(ErrorReportValve.java:92)
	at org.apache.catalina.core.StandardEngineValve.invoke(StandardEngineValve.java:74)
	at org.apache.catalina.connector.CoyoteAdapter.service(CoyoteAdapter.java:343)
	at org.apache.coyote.http11.Http11Processor.service(Http11Processor.java:373)
	at org.apache.coyote.AbstractProcessorLight.process(AbstractProcessorLight.java:65)
	at org.apache.coyote.AbstractProtocol$ConnectionHandler.process(AbstractProtocol.java:868)
	at org.apache.tomcat.util.net.NioEndpoint$SocketProcessor.doRun(NioEndpoint.java:1590)
	at org.apache.tomcat.util.net.SocketProcessorBase.run(SocketProcessorBase.java:49)
	at java.util.concurrent.ThreadPoolExecutor.runWorker(ThreadPoolExecutor.java:1149)
	at java.util.concurrent.ThreadPoolExecutor$Worker.run(ThreadPoolExecutor.java:624)
	at org.apache.tomcat.util.threads.TaskThread$WrappingRunnable.run(TaskThread.java:61)
	at java.lang.Thread.run(Thread.java:748)

[2m2020-08-05 14:55:33.580[0;39m [32m INFO[0;39m [35m17580[0;39m [2m---[0;39m [2m[     Thread-390][0;39m [36mo.s.s.concurrent.ThreadPoolTaskExecutor [0;39m [2m:[0;39m Shutting down ExecutorService 'applicationTaskExecutor'
[2m2020-08-05 14:55:36.307[0;39m [32m INFO[0;39m [35m17580[0;39m [2m---[0;39m [2m[  restartedMain][0;39m [36mtrationDelegate$BeanPostProcessorChecker[0;39m [2m:[0;39m Bean 'org.springframework.ws.config.annotation.DelegatingWsConfiguration' of type [org.springframework.ws.config.annotation.DelegatingWsConfiguration$$EnhancerBySpringCGLIB$$57de7dd8] is not eligible for getting processed by all BeanPostProcessors (for example: not eligible for auto-proxying)
[2m2020-08-05 14:55:36.312[0;39m [32m INFO[0;39m [35m17580[0;39m [2m---[0;39m [2m[  restartedMain][0;39m [36m.w.s.a.s.AnnotationActionEndpointMapping[0;39m [2m:[0;39m Supporting [WS-Addressing August 2004, WS-Addressing 1.0]
[2m2020-08-05 14:55:36.690[0;39m [32m INFO[0;39m [35m17580[0;39m [2m---[0;39m [2m[  restartedMain][0;39m [36mo.s.b.w.embedded.tomcat.TomcatWebServer [0;39m [2m:[0;39m Tomcat initialized with port(s): 8888 (http)
[2m2020-08-05 14:55:36.751[0;39m [32m INFO[0;39m [35m17580[0;39m [2m---[0;39m [2m[  restartedMain][0;39m [36mw.s.c.ServletWebServerApplicationContext[0;39m [2m:[0;39m Root WebApplicationContext: initialization completed in 2338 ms
[2m2020-08-05 14:55:37.594[0;39m [32m INFO[0;39m [35m17580[0;39m [2m---[0;39m [2m[  restartedMain][0;39m [36m.s.s.UserDetailsServiceAutoConfiguration[0;39m [2m:[0;39m 

Using generated security password: 98bf0e87-0311-4d71-94c8-303fe0d06867

[2m2020-08-05 14:55:37.613[0;39m [32m INFO[0;39m [35m17580[0;39m [2m---[0;39m [2m[  restartedMain][0;39m [36mo.s.s.web.DefaultSecurityFilterChain    [0;39m [2m:[0;39m Creating filter chain: any request, [org.springframework.security.web.context.request.async.WebAsyncManagerIntegrationFilter@17d8a781, org.springframework.security.web.context.SecurityContextPersistenceFilter@1986974c, org.springframework.security.web.header.HeaderWriterFilter@73fc9b97, org.springframework.security.web.authentication.logout.LogoutFilter@5661f74f, org.springframework.security.web.savedrequest.RequestCacheAwareFilter@286d32b0, org.springframework.security.web.servletapi.SecurityContextHolderAwareRequestFilter@3fda3409, org.springframework.security.web.authentication.AnonymousAuthenticationFilter@79ccb30f, org.springframework.security.web.session.SessionManagementFilter@129ace86, org.springframework.security.web.access.ExceptionTranslationFilter@6e3bec20]
[2m2020-08-05 14:55:37.728[0;39m [32m INFO[0;39m [35m17580[0;39m [2m---[0;39m [2m[  restartedMain][0;39m [36mo.s.s.concurrent.ThreadPoolTaskExecutor [0;39m [2m:[0;39m Initializing ExecutorService 'applicationTaskExecutor'
[2m2020-08-05 14:55:37.751[0;39m [32m INFO[0;39m [35m17580[0;39m [2m---[0;39m [2m[  restartedMain][0;39m [36mo.s.b.d.a.OptionalLiveReloadServer      [0;39m [2m:[0;39m LiveReload server is running on port 35729
[2m2020-08-05 14:55:38.101[0;39m [32m INFO[0;39m [35m17580[0;39m [2m---[0;39m [2m[  restartedMain][0;39m [36mo.s.b.w.embedded.tomcat.TomcatWebServer [0;39m [2m:[0;39m Tomcat started on port(s): 8888 (http) with context path '/ssafience'
[2m2020-08-05 14:55:38.138[0;39m [32m INFO[0;39m [35m17580[0;39m [2m---[0;39m [2m[nio-8888-exec-1][0;39m [36mo.s.web.servlet.DispatcherServlet       [0;39m [2m:[0;39m Initializing Servlet 'dispatcherServlet'
[2m2020-08-05 14:55:38.152[0;39m [32m INFO[0;39m [35m17580[0;39m [2m---[0;39m [2m[nio-8888-exec-1][0;39m [36mo.s.web.servlet.DispatcherServlet       [0;39m [2m:[0;39m Completed initialization in 9 ms
[2m2020-08-05 14:55:38.675[0;39m [32m INFO[0;39m [35m17580[0;39m [2m---[0;39m [2m[  restartedMain][0;39m [36m.ConditionEvaluationDeltaLoggingListener[0;39m [2m:[0;39m Condition evaluation unchanged
[2m2020-08-05 14:56:33.042[0;39m [32m INFO[0;39m [35m17580[0;39m [2m---[0;39m [2m[on(2)-127.0.0.1][0;39m [36minMXBeanRegistrar$SpringApplicationAdmin[0;39m [2m:[0;39m Application shutdown requested.
[2m2020-08-05 14:56:34.742[0;39m [32m INFO[0;39m [35m17580[0;39m [2m---[0;39m [2m[on(2)-127.0.0.1][0;39m [36mo.s.s.concurrent.ThreadPoolTaskExecutor [0;39m [2m:[0;39m Shutting down ExecutorService 'applicationTaskExecutor'
