[2m2020-08-11 13:39:58.052[0;39m [32m INFO[0;39m [35m19628[0;39m [2m---[0;39m [2m[  restartedMain][0;39m [36m.e.DevToolsPropertyDefaultsPostProcessor[0;39m [2m:[0;39m Devtools property defaults active! Set 'spring.devtools.add-properties' to 'false' to disable
[2m2020-08-11 13:39:58.056[0;39m [32m INFO[0;39m [35m19628[0;39m [2m---[0;39m [2m[  restartedMain][0;39m [36m.e.DevToolsPropertyDefaultsPostProcessor[0;39m [2m:[0;39m For additional web related logging consider setting the 'logging.level.web' property to 'DEBUG'
[2m2020-08-11 13:39:59.345[0;39m [32m INFO[0;39m [35m19628[0;39m [2m---[0;39m [2m[  restartedMain][0;39m [36mtrationDelegate$BeanPostProcessorChecker[0;39m [2m:[0;39m Bean 'org.springframework.ws.config.annotation.DelegatingWsConfiguration' of type [org.springframework.ws.config.annotation.DelegatingWsConfiguration$$EnhancerBySpringCGLIB$$72e653b7] is not eligible for getting processed by all BeanPostProcessors (for example: not eligible for auto-proxying)
[2m2020-08-11 13:39:59.390[0;39m [32m INFO[0;39m [35m19628[0;39m [2m---[0;39m [2m[  restartedMain][0;39m [36m.w.s.a.s.AnnotationActionEndpointMapping[0;39m [2m:[0;39m Supporting [WS-Addressing August 2004, WS-Addressing 1.0]
[2m2020-08-11 13:39:59.654[0;39m [32m INFO[0;39m [35m19628[0;39m [2m---[0;39m [2m[  restartedMain][0;39m [36mo.s.b.w.embedded.tomcat.TomcatWebServer [0;39m [2m:[0;39m Tomcat initialized with port(s): 8888 (http)
[2m2020-08-11 13:39:59.750[0;39m [32m INFO[0;39m [35m19628[0;39m [2m---[0;39m [2m[  restartedMain][0;39m [36mw.s.c.ServletWebServerApplicationContext[0;39m [2m:[0;39m Root WebApplicationContext: initialization completed in 1694 ms
[2m2020-08-11 13:40:00.587[0;39m [32m INFO[0;39m [35m19628[0;39m [2m---[0;39m [2m[  restartedMain][0;39m [36m.s.s.UserDetailsServiceAutoConfiguration[0;39m [2m:[0;39m 

Using generated security password: 2707d902-e23c-4f05-ba81-ca2783dab696

[2m2020-08-11 13:40:00.651[0;39m [32m INFO[0;39m [35m19628[0;39m [2m---[0;39m [2m[  restartedMain][0;39m [36mo.s.s.web.DefaultSecurityFilterChain    [0;39m [2m:[0;39m Creating filter chain: any request, [org.springframework.security.web.context.request.async.WebAsyncManagerIntegrationFilter@4ac27966, org.springframework.security.web.context.SecurityContextPersistenceFilter@5d203d7, org.springframework.security.web.header.HeaderWriterFilter@324a2908, org.springframework.security.web.authentication.logout.LogoutFilter@13691db6, org.springframework.security.web.savedrequest.RequestCacheAwareFilter@1b2909f5, org.springframework.security.web.servletapi.SecurityContextHolderAwareRequestFilter@371ab266, org.springframework.security.web.authentication.AnonymousAuthenticationFilter@7935842a, org.springframework.security.web.session.SessionManagementFilter@47bbda7d, org.springframework.security.web.access.ExceptionTranslationFilter@71b1fa72]
[2m2020-08-11 13:40:00.755[0;39m [32m INFO[0;39m [35m19628[0;39m [2m---[0;39m [2m[  restartedMain][0;39m [36mo.s.s.concurrent.ThreadPoolTaskExecutor [0;39m [2m:[0;39m Initializing ExecutorService 'applicationTaskExecutor'
[2m2020-08-11 13:40:00.792[0;39m [32m INFO[0;39m [35m19628[0;39m [2m---[0;39m [2m[  restartedMain][0;39m [36mo.s.b.d.a.OptionalLiveReloadServer      [0;39m [2m:[0;39m LiveReload server is running on port 35729
[2m2020-08-11 13:40:01.017[0;39m [32m INFO[0;39m [35m19628[0;39m [2m---[0;39m [2m[  restartedMain][0;39m [36mo.s.b.w.embedded.tomcat.TomcatWebServer [0;39m [2m:[0;39m Tomcat started on port(s): 8888 (http) with context path '/ssafience'
[2m2020-08-11 13:40:29.380[0;39m [32m INFO[0;39m [35m19628[0;39m [2m---[0;39m [2m[nio-8888-exec-1][0;39m [36mo.s.web.servlet.DispatcherServlet       [0;39m [2m:[0;39m Initializing Servlet 'dispatcherServlet'
[2m2020-08-11 13:40:29.387[0;39m [32m INFO[0;39m [35m19628[0;39m [2m---[0;39m [2m[nio-8888-exec-1][0;39m [36mo.s.web.servlet.DispatcherServlet       [0;39m [2m:[0;39m Completed initialization in 6 ms
[2m2020-08-11 13:41:27.537[0;39m [32m INFO[0;39m [35m19628[0;39m [2m---[0;39m [2m[     Thread-193][0;39m [36mo.s.s.concurrent.ThreadPoolTaskExecutor [0;39m [2m:[0;39m Shutting down ExecutorService 'applicationTaskExecutor'
[2m2020-08-11 13:41:28.213[0;39m [32m INFO[0;39m [35m19628[0;39m [2m---[0;39m [2m[  restartedMain][0;39m [36mtrationDelegate$BeanPostProcessorChecker[0;39m [2m:[0;39m Bean 'org.springframework.ws.config.annotation.DelegatingWsConfiguration' of type [org.springframework.ws.config.annotation.DelegatingWsConfiguration$$EnhancerBySpringCGLIB$$72e653b7] is not eligible for getting processed by all BeanPostProcessors (for example: not eligible for auto-proxying)
[2m2020-08-11 13:41:28.214[0;39m [32m INFO[0;39m [35m19628[0;39m [2m---[0;39m [2m[  restartedMain][0;39m [36m.w.s.a.s.AnnotationActionEndpointMapping[0;39m [2m:[0;39m Supporting [WS-Addressing August 2004, WS-Addressing 1.0]
[2m2020-08-11 13:41:28.311[0;39m [32m INFO[0;39m [35m19628[0;39m [2m---[0;39m [2m[  restartedMain][0;39m [36mo.s.b.w.embedded.tomcat.TomcatWebServer [0;39m [2m:[0;39m Tomcat initialized with port(s): 8888 (http)
[2m2020-08-11 13:41:28.328[0;39m [32m INFO[0;39m [35m19628[0;39m [2m---[0;39m [2m[  restartedMain][0;39m [36mw.s.c.ServletWebServerApplicationContext[0;39m [2m:[0;39m Root WebApplicationContext: initialization completed in 623 ms
[2m2020-08-11 13:41:28.612[0;39m [32m INFO[0;39m [35m19628[0;39m [2m---[0;39m [2m[  restartedMain][0;39m [36m.s.s.UserDetailsServiceAutoConfiguration[0;39m [2m:[0;39m 

Using generated security password: f2cd8375-725e-4736-a298-51c98933af5a

[2m2020-08-11 13:41:28.618[0;39m [32m INFO[0;39m [35m19628[0;39m [2m---[0;39m [2m[  restartedMain][0;39m [36mo.s.s.web.DefaultSecurityFilterChain    [0;39m [2m:[0;39m Creating filter chain: any request, [org.springframework.security.web.context.request.async.WebAsyncManagerIntegrationFilter@7f01639b, org.springframework.security.web.context.SecurityContextPersistenceFilter@5aeb3189, org.springframework.security.web.header.HeaderWriterFilter@5b4825a2, org.springframework.security.web.authentication.logout.LogoutFilter@23dea35e, org.springframework.security.web.savedrequest.RequestCacheAwareFilter@38fc8ff9, org.springframework.security.web.servletapi.SecurityContextHolderAwareRequestFilter@2283c871, org.springframework.security.web.authentication.AnonymousAuthenticationFilter@437dec4a, org.springframework.security.web.session.SessionManagementFilter@4dc9ee46, org.springframework.security.web.access.ExceptionTranslationFilter@53b6286d]
[2m2020-08-11 13:41:28.651[0;39m [32m INFO[0;39m [35m19628[0;39m [2m---[0;39m [2m[  restartedMain][0;39m [36mo.s.s.concurrent.ThreadPoolTaskExecutor [0;39m [2m:[0;39m Initializing ExecutorService 'applicationTaskExecutor'
[2m2020-08-11 13:41:28.657[0;39m [32m INFO[0;39m [35m19628[0;39m [2m---[0;39m [2m[  restartedMain][0;39m [36mo.s.b.d.a.OptionalLiveReloadServer      [0;39m [2m:[0;39m LiveReload server is running on port 35729
[2m2020-08-11 13:41:28.760[0;39m [32m INFO[0;39m [35m19628[0;39m [2m---[0;39m [2m[  restartedMain][0;39m [36mo.s.b.w.embedded.tomcat.TomcatWebServer [0;39m [2m:[0;39m Tomcat started on port(s): 8888 (http) with context path '/ssafience'
[2m2020-08-11 13:41:28.916[0;39m [32m INFO[0;39m [35m19628[0;39m [2m---[0;39m [2m[  restartedMain][0;39m [36m.ConditionEvaluationDeltaLoggingListener[0;39m [2m:[0;39m Condition evaluation unchanged
[2m2020-08-11 13:42:21.591[0;39m [32m INFO[0;39m [35m19628[0;39m [2m---[0;39m [2m[     Thread-197][0;39m [36mo.s.s.concurrent.ThreadPoolTaskExecutor [0;39m [2m:[0;39m Shutting down ExecutorService 'applicationTaskExecutor'
[2m2020-08-11 13:42:22.209[0;39m [32m INFO[0;39m [35m19628[0;39m [2m---[0;39m [2m[  restartedMain][0;39m [36mtrationDelegate$BeanPostProcessorChecker[0;39m [2m:[0;39m Bean 'org.springframework.ws.config.annotation.DelegatingWsConfiguration' of type [org.springframework.ws.config.annotation.DelegatingWsConfiguration$$EnhancerBySpringCGLIB$$72e653b7] is not eligible for getting processed by all BeanPostProcessors (for example: not eligible for auto-proxying)
[2m2020-08-11 13:42:22.210[0;39m [32m INFO[0;39m [35m19628[0;39m [2m---[0;39m [2m[  restartedMain][0;39m [36m.w.s.a.s.AnnotationActionEndpointMapping[0;39m [2m:[0;39m Supporting [WS-Addressing August 2004, WS-Addressing 1.0]
[2m2020-08-11 13:42:22.297[0;39m [32m INFO[0;39m [35m19628[0;39m [2m---[0;39m [2m[  restartedMain][0;39m [36mo.s.b.w.embedded.tomcat.TomcatWebServer [0;39m [2m:[0;39m Tomcat initialized with port(s): 8888 (http)
[2m2020-08-11 13:42:22.312[0;39m [32m INFO[0;39m [35m19628[0;39m [2m---[0;39m [2m[  restartedMain][0;39m [36mw.s.c.ServletWebServerApplicationContext[0;39m [2m:[0;39m Root WebApplicationContext: initialization completed in 569 ms
[2m2020-08-11 13:42:22.564[0;39m [32m INFO[0;39m [35m19628[0;39m [2m---[0;39m [2m[  restartedMain][0;39m [36m.s.s.UserDetailsServiceAutoConfiguration[0;39m [2m:[0;39m 

Using generated security password: 6e58ab55-2a64-410a-ac2c-a576ff775761

[2m2020-08-11 13:42:22.570[0;39m [32m INFO[0;39m [35m19628[0;39m [2m---[0;39m [2m[  restartedMain][0;39m [36mo.s.s.web.DefaultSecurityFilterChain    [0;39m [2m:[0;39m Creating filter chain: any request, [org.springframework.security.web.context.request.async.WebAsyncManagerIntegrationFilter@4672f2c0, org.springframework.security.web.context.SecurityContextPersistenceFilter@5fdee354, org.springframework.security.web.header.HeaderWriterFilter@55f9f213, org.springframework.security.web.authentication.logout.LogoutFilter@316ea631, org.springframework.security.web.savedrequest.RequestCacheAwareFilter@536481f5, org.springframework.security.web.servletapi.SecurityContextHolderAwareRequestFilter@491788e0, org.springframework.security.web.authentication.AnonymousAuthenticationFilter@33d73266, org.springframework.security.web.session.SessionManagementFilter@7774e622, org.springframework.security.web.access.ExceptionTranslationFilter@7b0ee715]
[2m2020-08-11 13:42:22.599[0;39m [32m INFO[0;39m [35m19628[0;39m [2m---[0;39m [2m[  restartedMain][0;39m [36mo.s.s.concurrent.ThreadPoolTaskExecutor [0;39m [2m:[0;39m Initializing ExecutorService 'applicationTaskExecutor'
[2m2020-08-11 13:42:22.606[0;39m [32m INFO[0;39m [35m19628[0;39m [2m---[0;39m [2m[  restartedMain][0;39m [36mo.s.b.d.a.OptionalLiveReloadServer      [0;39m [2m:[0;39m LiveReload server is running on port 35729
[2m2020-08-11 13:42:22.702[0;39m [32m INFO[0;39m [35m19628[0;39m [2m---[0;39m [2m[  restartedMain][0;39m [36mo.s.b.w.embedded.tomcat.TomcatWebServer [0;39m [2m:[0;39m Tomcat started on port(s): 8888 (http) with context path '/ssafience'
[2m2020-08-11 13:42:22.845[0;39m [32m INFO[0;39m [35m19628[0;39m [2m---[0;39m [2m[  restartedMain][0;39m [36m.ConditionEvaluationDeltaLoggingListener[0;39m [2m:[0;39m Condition evaluation unchanged
[2m2020-08-11 13:42:42.007[0;39m [32m INFO[0;39m [35m19628[0;39m [2m---[0;39m [2m[     Thread-390][0;39m [36mo.s.s.concurrent.ThreadPoolTaskExecutor [0;39m [2m:[0;39m Shutting down ExecutorService 'applicationTaskExecutor'
[2m2020-08-11 13:42:42.636[0;39m [32m INFO[0;39m [35m19628[0;39m [2m---[0;39m [2m[  restartedMain][0;39m [36mtrationDelegate$BeanPostProcessorChecker[0;39m [2m:[0;39m Bean 'org.springframework.ws.config.annotation.DelegatingWsConfiguration' of type [org.springframework.ws.config.annotation.DelegatingWsConfiguration$$EnhancerBySpringCGLIB$$72e653b7] is not eligible for getting processed by all BeanPostProcessors (for example: not eligible for auto-proxying)
[2m2020-08-11 13:42:42.638[0;39m [32m INFO[0;39m [35m19628[0;39m [2m---[0;39m [2m[  restartedMain][0;39m [36m.w.s.a.s.AnnotationActionEndpointMapping[0;39m [2m:[0;39m Supporting [WS-Addressing August 2004, WS-Addressing 1.0]
[2m2020-08-11 13:42:42.722[0;39m [32m INFO[0;39m [35m19628[0;39m [2m---[0;39m [2m[  restartedMain][0;39m [36mo.s.b.w.embedded.tomcat.TomcatWebServer [0;39m [2m:[0;39m Tomcat initialized with port(s): 8888 (http)
[2m2020-08-11 13:42:42.737[0;39m [32m INFO[0;39m [35m19628[0;39m [2m---[0;39m [2m[  restartedMain][0;39m [36mw.s.c.ServletWebServerApplicationContext[0;39m [2m:[0;39m Root WebApplicationContext: initialization completed in 538 ms
[2m2020-08-11 13:42:42.984[0;39m [32m INFO[0;39m [35m19628[0;39m [2m---[0;39m [2m[  restartedMain][0;39m [36m.s.s.UserDetailsServiceAutoConfiguration[0;39m [2m:[0;39m 

Using generated security password: cba30a86-251f-4fb4-89c5-e45b00e78995

[2m2020-08-11 13:42:42.991[0;39m [32m INFO[0;39m [35m19628[0;39m [2m---[0;39m [2m[  restartedMain][0;39m [36mo.s.s.web.DefaultSecurityFilterChain    [0;39m [2m:[0;39m Creating filter chain: any request, [org.springframework.security.web.context.request.async.WebAsyncManagerIntegrationFilter@72cfd055, org.springframework.security.web.context.SecurityContextPersistenceFilter@5d1e0213, org.springframework.security.web.header.HeaderWriterFilter@14a7bd7d, org.springframework.security.web.authentication.logout.LogoutFilter@62658cff, org.springframework.security.web.savedrequest.RequestCacheAwareFilter@44ea8a0c, org.springframework.security.web.servletapi.SecurityContextHolderAwareRequestFilter@6d0f9bb9, org.springframework.security.web.authentication.AnonymousAuthenticationFilter@638c5fe6, org.springframework.security.web.session.SessionManagementFilter@478cacfa, org.springframework.security.web.access.ExceptionTranslationFilter@661fee42]
[2m2020-08-11 13:42:43.020[0;39m [32m INFO[0;39m [35m19628[0;39m [2m---[0;39m [2m[  restartedMain][0;39m [36mo.s.s.concurrent.ThreadPoolTaskExecutor [0;39m [2m:[0;39m Initializing ExecutorService 'applicationTaskExecutor'
[2m2020-08-11 13:42:43.026[0;39m [32m INFO[0;39m [35m19628[0;39m [2m---[0;39m [2m[  restartedMain][0;39m [36mo.s.b.d.a.OptionalLiveReloadServer      [0;39m [2m:[0;39m LiveReload server is running on port 35729
[2m2020-08-11 13:42:43.123[0;39m [32m INFO[0;39m [35m19628[0;39m [2m---[0;39m [2m[  restartedMain][0;39m [36mo.s.b.w.embedded.tomcat.TomcatWebServer [0;39m [2m:[0;39m Tomcat started on port(s): 8888 (http) with context path '/ssafience'
[2m2020-08-11 13:42:43.267[0;39m [32m INFO[0;39m [35m19628[0;39m [2m---[0;39m [2m[  restartedMain][0;39m [36m.ConditionEvaluationDeltaLoggingListener[0;39m [2m:[0;39m Condition evaluation unchanged
[2m2020-08-11 13:42:59.315[0;39m [32m INFO[0;39m [35m19628[0;39m [2m---[0;39m [2m[     Thread-583][0;39m [36mo.s.s.concurrent.ThreadPoolTaskExecutor [0;39m [2m:[0;39m Shutting down ExecutorService 'applicationTaskExecutor'
[2m2020-08-11 13:42:59.944[0;39m [32m INFO[0;39m [35m19628[0;39m [2m---[0;39m [2m[  restartedMain][0;39m [36mtrationDelegate$BeanPostProcessorChecker[0;39m [2m:[0;39m Bean 'org.springframework.ws.config.annotation.DelegatingWsConfiguration' of type [org.springframework.ws.config.annotation.DelegatingWsConfiguration$$EnhancerBySpringCGLIB$$72e653b7] is not eligible for getting processed by all BeanPostProcessors (for example: not eligible for auto-proxying)
[2m2020-08-11 13:42:59.945[0;39m [32m INFO[0;39m [35m19628[0;39m [2m---[0;39m [2m[  restartedMain][0;39m [36m.w.s.a.s.AnnotationActionEndpointMapping[0;39m [2m:[0;39m Supporting [WS-Addressing August 2004, WS-Addressing 1.0]
[2m2020-08-11 13:43:00.033[0;39m [32m INFO[0;39m [35m19628[0;39m [2m---[0;39m [2m[  restartedMain][0;39m [36mo.s.b.w.embedded.tomcat.TomcatWebServer [0;39m [2m:[0;39m Tomcat initialized with port(s): 8888 (http)
[2m2020-08-11 13:43:00.049[0;39m [32m INFO[0;39m [35m19628[0;39m [2m---[0;39m [2m[  restartedMain][0;39m [36mw.s.c.ServletWebServerApplicationContext[0;39m [2m:[0;39m Root WebApplicationContext: initialization completed in 551 ms
[2m2020-08-11 13:43:00.285[0;39m [32m INFO[0;39m [35m19628[0;39m [2m---[0;39m [2m[  restartedMain][0;39m [36m.s.s.UserDetailsServiceAutoConfiguration[0;39m [2m:[0;39m 

Using generated security password: 17a76470-4e04-40c8-a95b-3b39d61bc862

[2m2020-08-11 13:43:00.291[0;39m [32m INFO[0;39m [35m19628[0;39m [2m---[0;39m [2m[  restartedMain][0;39m [36mo.s.s.web.DefaultSecurityFilterChain    [0;39m [2m:[0;39m Creating filter chain: any request, [org.springframework.security.web.context.request.async.WebAsyncManagerIntegrationFilter@5a62949b, org.springframework.security.web.context.SecurityContextPersistenceFilter@65181acf, org.springframework.security.web.header.HeaderWriterFilter@3144ccf4, org.springframework.security.web.authentication.logout.LogoutFilter@1061622a, org.springframework.security.web.savedrequest.RequestCacheAwareFilter@47a1bd00, org.springframework.security.web.servletapi.SecurityContextHolderAwareRequestFilter@5015fa6c, org.springframework.security.web.authentication.AnonymousAuthenticationFilter@25dbc321, org.springframework.security.web.session.SessionManagementFilter@35ea120a, org.springframework.security.web.access.ExceptionTranslationFilter@6c19d05c]
[2m2020-08-11 13:43:00.319[0;39m [32m INFO[0;39m [35m19628[0;39m [2m---[0;39m [2m[  restartedMain][0;39m [36mo.s.s.concurrent.ThreadPoolTaskExecutor [0;39m [2m:[0;39m Initializing ExecutorService 'applicationTaskExecutor'
[2m2020-08-11 13:43:00.324[0;39m [32m INFO[0;39m [35m19628[0;39m [2m---[0;39m [2m[  restartedMain][0;39m [36mo.s.b.d.a.OptionalLiveReloadServer      [0;39m [2m:[0;39m LiveReload server is running on port 35729
[2m2020-08-11 13:43:00.417[0;39m [32m INFO[0;39m [35m19628[0;39m [2m---[0;39m [2m[  restartedMain][0;39m [36mo.s.b.w.embedded.tomcat.TomcatWebServer [0;39m [2m:[0;39m Tomcat started on port(s): 8888 (http) with context path '/ssafience'
[2m2020-08-11 13:43:00.548[0;39m [32m INFO[0;39m [35m19628[0;39m [2m---[0;39m [2m[  restartedMain][0;39m [36m.ConditionEvaluationDeltaLoggingListener[0;39m [2m:[0;39m Condition evaluation unchanged
[2m2020-08-11 13:43:03.533[0;39m [32m INFO[0;39m [35m19628[0;39m [2m---[0;39m [2m[     Thread-776][0;39m [36mo.s.s.concurrent.ThreadPoolTaskExecutor [0;39m [2m:[0;39m Shutting down ExecutorService 'applicationTaskExecutor'
[2m2020-08-11 13:43:04.097[0;39m [32m INFO[0;39m [35m19628[0;39m [2m---[0;39m [2m[  restartedMain][0;39m [36mtrationDelegate$BeanPostProcessorChecker[0;39m [2m:[0;39m Bean 'org.springframework.ws.config.annotation.DelegatingWsConfiguration' of type [org.springframework.ws.config.annotation.DelegatingWsConfiguration$$EnhancerBySpringCGLIB$$72e653b7] is not eligible for getting processed by all BeanPostProcessors (for example: not eligible for auto-proxying)
[2m2020-08-11 13:43:04.098[0;39m [32m INFO[0;39m [35m19628[0;39m [2m---[0;39m [2m[  restartedMain][0;39m [36m.w.s.a.s.AnnotationActionEndpointMapping[0;39m [2m:[0;39m Supporting [WS-Addressing August 2004, WS-Addressing 1.0]
[2m2020-08-11 13:43:04.185[0;39m [32m INFO[0;39m [35m19628[0;39m [2m---[0;39m [2m[  restartedMain][0;39m [36mo.s.b.w.embedded.tomcat.TomcatWebServer [0;39m [2m:[0;39m Tomcat initialized with port(s): 8888 (http)
[2m2020-08-11 13:43:04.201[0;39m [32m INFO[0;39m [35m19628[0;39m [2m---[0;39m [2m[  restartedMain][0;39m [36mw.s.c.ServletWebServerApplicationContext[0;39m [2m:[0;39m Root WebApplicationContext: initialization completed in 545 ms
[2m2020-08-11 13:43:04.426[0;39m [32m INFO[0;39m [35m19628[0;39m [2m---[0;39m [2m[  restartedMain][0;39m [36m.s.s.UserDetailsServiceAutoConfiguration[0;39m [2m:[0;39m 

Using generated security password: c1b0b740-d6ae-43e2-b080-a7f88e41daa8

[2m2020-08-11 13:43:04.432[0;39m [32m INFO[0;39m [35m19628[0;39m [2m---[0;39m [2m[  restartedMain][0;39m [36mo.s.s.web.DefaultSecurityFilterChain    [0;39m [2m:[0;39m Creating filter chain: any request, [org.springframework.security.web.context.request.async.WebAsyncManagerIntegrationFilter@19db14da, org.springframework.security.web.context.SecurityContextPersistenceFilter@2fe6463a, org.springframework.security.web.header.HeaderWriterFilter@512b0cd6, org.springframework.security.web.authentication.logout.LogoutFilter@31b033e9, org.springframework.security.web.savedrequest.RequestCacheAwareFilter@2e10ca77, org.springframework.security.web.servletapi.SecurityContextHolderAwareRequestFilter@27542edf, org.springframework.security.web.authentication.AnonymousAuthenticationFilter@1ffff3e8, org.springframework.security.web.session.SessionManagementFilter@1214087, org.springframework.security.web.access.ExceptionTranslationFilter@2d45864f]
[2m2020-08-11 13:43:04.461[0;39m [32m INFO[0;39m [35m19628[0;39m [2m---[0;39m [2m[  restartedMain][0;39m [36mo.s.s.concurrent.ThreadPoolTaskExecutor [0;39m [2m:[0;39m Initializing ExecutorService 'applicationTaskExecutor'
[2m2020-08-11 13:43:04.466[0;39m [32m INFO[0;39m [35m19628[0;39m [2m---[0;39m [2m[  restartedMain][0;39m [36mo.s.b.d.a.OptionalLiveReloadServer      [0;39m [2m:[0;39m LiveReload server is running on port 35729
[2m2020-08-11 13:43:04.564[0;39m [32m INFO[0;39m [35m19628[0;39m [2m---[0;39m [2m[  restartedMain][0;39m [36mo.s.b.w.embedded.tomcat.TomcatWebServer [0;39m [2m:[0;39m Tomcat started on port(s): 8888 (http) with context path '/ssafience'
[2m2020-08-11 13:43:04.694[0;39m [32m INFO[0;39m [35m19628[0;39m [2m---[0;39m [2m[  restartedMain][0;39m [36m.ConditionEvaluationDeltaLoggingListener[0;39m [2m:[0;39m Condition evaluation unchanged
[2m2020-08-11 13:44:15.004[0;39m [32m INFO[0;39m [35m19628[0;39m [2m---[0;39m [2m[     Thread-969][0;39m [36mo.s.s.concurrent.ThreadPoolTaskExecutor [0;39m [2m:[0;39m Shutting down ExecutorService 'applicationTaskExecutor'
[2m2020-08-11 13:44:15.621[0;39m [32m INFO[0;39m [35m19628[0;39m [2m---[0;39m [2m[  restartedMain][0;39m [36mtrationDelegate$BeanPostProcessorChecker[0;39m [2m:[0;39m Bean 'org.springframework.ws.config.annotation.DelegatingWsConfiguration' of type [org.springframework.ws.config.annotation.DelegatingWsConfiguration$$EnhancerBySpringCGLIB$$72e653b7] is not eligible for getting processed by all BeanPostProcessors (for example: not eligible for auto-proxying)
[2m2020-08-11 13:44:15.622[0;39m [32m INFO[0;39m [35m19628[0;39m [2m---[0;39m [2m[  restartedMain][0;39m [36m.w.s.a.s.AnnotationActionEndpointMapping[0;39m [2m:[0;39m Supporting [WS-Addressing August 2004, WS-Addressing 1.0]
[2m2020-08-11 13:44:15.707[0;39m [32m INFO[0;39m [35m19628[0;39m [2m---[0;39m [2m[  restartedMain][0;39m [36mo.s.b.w.embedded.tomcat.TomcatWebServer [0;39m [2m:[0;39m Tomcat initialized with port(s): 8888 (http)
[2m2020-08-11 13:44:15.723[0;39m [32m INFO[0;39m [35m19628[0;39m [2m---[0;39m [2m[  restartedMain][0;39m [36mw.s.c.ServletWebServerApplicationContext[0;39m [2m:[0;39m Root WebApplicationContext: initialization completed in 542 ms
[2m2020-08-11 13:44:15.942[0;39m [32m INFO[0;39m [35m19628[0;39m [2m---[0;39m [2m[  restartedMain][0;39m [36m.s.s.UserDetailsServiceAutoConfiguration[0;39m [2m:[0;39m 

Using generated security password: 3d87b8b7-5ed6-4aac-b2c1-803cd421ce1d

[2m2020-08-11 13:44:15.947[0;39m [32m INFO[0;39m [35m19628[0;39m [2m---[0;39m [2m[  restartedMain][0;39m [36mo.s.s.web.DefaultSecurityFilterChain    [0;39m [2m:[0;39m Creating filter chain: any request, [org.springframework.security.web.context.request.async.WebAsyncManagerIntegrationFilter@2c82be77, org.springframework.security.web.context.SecurityContextPersistenceFilter@656ec367, org.springframework.security.web.header.HeaderWriterFilter@42038496, org.springframework.security.web.authentication.logout.LogoutFilter@169c7545, org.springframework.security.web.savedrequest.RequestCacheAwareFilter@5acc1d1c, org.springframework.security.web.servletapi.SecurityContextHolderAwareRequestFilter@43505e7, org.springframework.security.web.authentication.AnonymousAuthenticationFilter@b48c3d, org.springframework.security.web.session.SessionManagementFilter@7d8f8837, org.springframework.security.web.access.ExceptionTranslationFilter@33a18799]
[2m2020-08-11 13:44:15.976[0;39m [32m INFO[0;39m [35m19628[0;39m [2m---[0;39m [2m[  restartedMain][0;39m [36mo.s.s.concurrent.ThreadPoolTaskExecutor [0;39m [2m:[0;39m Initializing ExecutorService 'applicationTaskExecutor'
[2m2020-08-11 13:44:15.981[0;39m [32m INFO[0;39m [35m19628[0;39m [2m---[0;39m [2m[  restartedMain][0;39m [36mo.s.b.d.a.OptionalLiveReloadServer      [0;39m [2m:[0;39m LiveReload server is running on port 35729
[2m2020-08-11 13:44:16.077[0;39m [32m INFO[0;39m [35m19628[0;39m [2m---[0;39m [2m[  restartedMain][0;39m [36mo.s.b.w.embedded.tomcat.TomcatWebServer [0;39m [2m:[0;39m Tomcat started on port(s): 8888 (http) with context path '/ssafience'
[2m2020-08-11 13:44:16.208[0;39m [32m INFO[0;39m [35m19628[0;39m [2m---[0;39m [2m[  restartedMain][0;39m [36m.ConditionEvaluationDeltaLoggingListener[0;39m [2m:[0;39m Condition evaluation unchanged
[2m2020-08-11 13:44:20.267[0;39m [32m INFO[0;39m [35m19628[0;39m [2m---[0;39m [2m[    Thread-1162][0;39m [36mo.s.s.concurrent.ThreadPoolTaskExecutor [0;39m [2m:[0;39m Shutting down ExecutorService 'applicationTaskExecutor'
[2m2020-08-11 13:44:20.873[0;39m [32m INFO[0;39m [35m19628[0;39m [2m---[0;39m [2m[  restartedMain][0;39m [36mtrationDelegate$BeanPostProcessorChecker[0;39m [2m:[0;39m Bean 'org.springframework.ws.config.annotation.DelegatingWsConfiguration' of type [org.springframework.ws.config.annotation.DelegatingWsConfiguration$$EnhancerBySpringCGLIB$$72e653b7] is not eligible for getting processed by all BeanPostProcessors (for example: not eligible for auto-proxying)
[2m2020-08-11 13:44:20.874[0;39m [32m INFO[0;39m [35m19628[0;39m [2m---[0;39m [2m[  restartedMain][0;39m [36m.w.s.a.s.AnnotationActionEndpointMapping[0;39m [2m:[0;39m Supporting [WS-Addressing August 2004, WS-Addressing 1.0]
[2m2020-08-11 13:44:20.958[0;39m [32m INFO[0;39m [35m19628[0;39m [2m---[0;39m [2m[  restartedMain][0;39m [36mo.s.b.w.embedded.tomcat.TomcatWebServer [0;39m [2m:[0;39m Tomcat initialized with port(s): 8888 (http)
[2m2020-08-11 13:44:20.973[0;39m [32m INFO[0;39m [35m19628[0;39m [2m---[0;39m [2m[  restartedMain][0;39m [36mw.s.c.ServletWebServerApplicationContext[0;39m [2m:[0;39m Root WebApplicationContext: initialization completed in 536 ms
[2m2020-08-11 13:44:21.187[0;39m [32m INFO[0;39m [35m19628[0;39m [2m---[0;39m [2m[  restartedMain][0;39m [36m.s.s.UserDetailsServiceAutoConfiguration[0;39m [2m:[0;39m 

Using generated security password: a4996bbc-6356-4118-ae4b-7654b6cd452c

[2m2020-08-11 13:44:21.193[0;39m [32m INFO[0;39m [35m19628[0;39m [2m---[0;39m [2m[  restartedMain][0;39m [36mo.s.s.web.DefaultSecurityFilterChain    [0;39m [2m:[0;39m Creating filter chain: any request, [org.springframework.security.web.context.request.async.WebAsyncManagerIntegrationFilter@73414861, org.springframework.security.web.context.SecurityContextPersistenceFilter@5394751a, org.springframework.security.web.header.HeaderWriterFilter@488bb547, org.springframework.security.web.authentication.logout.LogoutFilter@7d0476fc, org.springframework.security.web.savedrequest.RequestCacheAwareFilter@40d9d257, org.springframework.security.web.servletapi.SecurityContextHolderAwareRequestFilter@55ed6686, org.springframework.security.web.authentication.AnonymousAuthenticationFilter@4d26d9d9, org.springframework.security.web.session.SessionManagementFilter@58800fae, org.springframework.security.web.access.ExceptionTranslationFilter@134003dc]
[2m2020-08-11 13:44:21.222[0;39m [32m INFO[0;39m [35m19628[0;39m [2m---[0;39m [2m[  restartedMain][0;39m [36mo.s.s.concurrent.ThreadPoolTaskExecutor [0;39m [2m:[0;39m Initializing ExecutorService 'applicationTaskExecutor'
[2m2020-08-11 13:44:21.228[0;39m [32m INFO[0;39m [35m19628[0;39m [2m---[0;39m [2m[  restartedMain][0;39m [36mo.s.b.d.a.OptionalLiveReloadServer      [0;39m [2m:[0;39m LiveReload server is running on port 35729
[2m2020-08-11 13:44:21.324[0;39m [32m INFO[0;39m [35m19628[0;39m [2m---[0;39m [2m[  restartedMain][0;39m [36mo.s.b.w.embedded.tomcat.TomcatWebServer [0;39m [2m:[0;39m Tomcat started on port(s): 8888 (http) with context path '/ssafience'
[2m2020-08-11 13:44:21.457[0;39m [32m INFO[0;39m [35m19628[0;39m [2m---[0;39m [2m[  restartedMain][0;39m [36m.ConditionEvaluationDeltaLoggingListener[0;39m [2m:[0;39m Condition evaluation unchanged
[2m2020-08-11 13:44:25.529[0;39m [32m INFO[0;39m [35m19628[0;39m [2m---[0;39m [2m[    Thread-1355][0;39m [36mo.s.s.concurrent.ThreadPoolTaskExecutor [0;39m [2m:[0;39m Shutting down ExecutorService 'applicationTaskExecutor'
[2m2020-08-11 13:44:26.154[0;39m [32m INFO[0;39m [35m19628[0;39m [2m---[0;39m [2m[  restartedMain][0;39m [36mtrationDelegate$BeanPostProcessorChecker[0;39m [2m:[0;39m Bean 'org.springframework.ws.config.annotation.DelegatingWsConfiguration' of type [org.springframework.ws.config.annotation.DelegatingWsConfiguration$$EnhancerBySpringCGLIB$$72e653b7] is not eligible for getting processed by all BeanPostProcessors (for example: not eligible for auto-proxying)
[2m2020-08-11 13:44:26.154[0;39m [32m INFO[0;39m [35m19628[0;39m [2m---[0;39m [2m[  restartedMain][0;39m [36m.w.s.a.s.AnnotationActionEndpointMapping[0;39m [2m:[0;39m Supporting [WS-Addressing August 2004, WS-Addressing 1.0]
[2m2020-08-11 13:44:26.249[0;39m [32m INFO[0;39m [35m19628[0;39m [2m---[0;39m [2m[  restartedMain][0;39m [36mo.s.b.w.embedded.tomcat.TomcatWebServer [0;39m [2m:[0;39m Tomcat initialized with port(s): 8888 (http)
[2m2020-08-11 13:44:26.265[0;39m [32m INFO[0;39m [35m19628[0;39m [2m---[0;39m [2m[  restartedMain][0;39m [36mw.s.c.ServletWebServerApplicationContext[0;39m [2m:[0;39m Root WebApplicationContext: initialization completed in 554 ms
[2m2020-08-11 13:44:26.486[0;39m [32m INFO[0;39m [35m19628[0;39m [2m---[0;39m [2m[  restartedMain][0;39m [36m.s.s.UserDetailsServiceAutoConfiguration[0;39m [2m:[0;39m 

Using generated security password: 42b8d92a-4db2-434c-bb1b-d5d7b3f5d9aa

[2m2020-08-11 13:44:26.493[0;39m [32m INFO[0;39m [35m19628[0;39m [2m---[0;39m [2m[  restartedMain][0;39m [36mo.s.s.web.DefaultSecurityFilterChain    [0;39m [2m:[0;39m Creating filter chain: any request, [org.springframework.security.web.context.request.async.WebAsyncManagerIntegrationFilter@69069dc2, org.springframework.security.web.context.SecurityContextPersistenceFilter@6bd08a05, org.springframework.security.web.header.HeaderWriterFilter@7db9c45, org.springframework.security.web.authentication.logout.LogoutFilter@37b5188, org.springframework.security.web.savedrequest.RequestCacheAwareFilter@fccab7e, org.springframework.security.web.servletapi.SecurityContextHolderAwareRequestFilter@54ae3776, org.springframework.security.web.authentication.AnonymousAuthenticationFilter@4cb61213, org.springframework.security.web.session.SessionManagementFilter@4dcea98f, org.springframework.security.web.access.ExceptionTranslationFilter@371a6c45]
[2m2020-08-11 13:44:26.521[0;39m [32m INFO[0;39m [35m19628[0;39m [2m---[0;39m [2m[  restartedMain][0;39m [36mo.s.s.concurrent.ThreadPoolTaskExecutor [0;39m [2m:[0;39m Initializing ExecutorService 'applicationTaskExecutor'
[2m2020-08-11 13:44:26.527[0;39m [32m INFO[0;39m [35m19628[0;39m [2m---[0;39m [2m[  restartedMain][0;39m [36mo.s.b.d.a.OptionalLiveReloadServer      [0;39m [2m:[0;39m LiveReload server is running on port 35729
[2m2020-08-11 13:44:26.627[0;39m [32m INFO[0;39m [35m19628[0;39m [2m---[0;39m [2m[  restartedMain][0;39m [36mo.s.b.w.embedded.tomcat.TomcatWebServer [0;39m [2m:[0;39m Tomcat started on port(s): 8888 (http) with context path '/ssafience'
[2m2020-08-11 13:44:26.752[0;39m [32m INFO[0;39m [35m19628[0;39m [2m---[0;39m [2m[  restartedMain][0;39m [36m.ConditionEvaluationDeltaLoggingListener[0;39m [2m:[0;39m Condition evaluation unchanged
[2m2020-08-11 13:44:35.195[0;39m [32m INFO[0;39m [35m19628[0;39m [2m---[0;39m [2m[    Thread-1548][0;39m [36mo.s.s.concurrent.ThreadPoolTaskExecutor [0;39m [2m:[0;39m Shutting down ExecutorService 'applicationTaskExecutor'
[2m2020-08-11 13:44:35.799[0;39m [32m INFO[0;39m [35m19628[0;39m [2m---[0;39m [2m[  restartedMain][0;39m [36mtrationDelegate$BeanPostProcessorChecker[0;39m [2m:[0;39m Bean 'org.springframework.ws.config.annotation.DelegatingWsConfiguration' of type [org.springframework.ws.config.annotation.DelegatingWsConfiguration$$EnhancerBySpringCGLIB$$72e653b7] is not eligible for getting processed by all BeanPostProcessors (for example: not eligible for auto-proxying)
[2m2020-08-11 13:44:35.799[0;39m [32m INFO[0;39m [35m19628[0;39m [2m---[0;39m [2m[  restartedMain][0;39m [36m.w.s.a.s.AnnotationActionEndpointMapping[0;39m [2m:[0;39m Supporting [WS-Addressing August 2004, WS-Addressing 1.0]
[2m2020-08-11 13:44:35.885[0;39m [32m INFO[0;39m [35m19628[0;39m [2m---[0;39m [2m[  restartedMain][0;39m [36mo.s.b.w.embedded.tomcat.TomcatWebServer [0;39m [2m:[0;39m Tomcat initialized with port(s): 8888 (http)
[2m2020-08-11 13:44:35.899[0;39m [32m INFO[0;39m [35m19628[0;39m [2m---[0;39m [2m[  restartedMain][0;39m [36mw.s.c.ServletWebServerApplicationContext[0;39m [2m:[0;39m Root WebApplicationContext: initialization completed in 536 ms
[2m2020-08-11 13:44:36.110[0;39m [32m INFO[0;39m [35m19628[0;39m [2m---[0;39m [2m[  restartedMain][0;39m [36m.s.s.UserDetailsServiceAutoConfiguration[0;39m [2m:[0;39m 

Using generated security password: ed9fab24-5e56-47a4-bed3-9a8389924d8f

[2m2020-08-11 13:44:36.116[0;39m [32m INFO[0;39m [35m19628[0;39m [2m---[0;39m [2m[  restartedMain][0;39m [36mo.s.s.web.DefaultSecurityFilterChain    [0;39m [2m:[0;39m Creating filter chain: any request, [org.springframework.security.web.context.request.async.WebAsyncManagerIntegrationFilter@6f770516, org.springframework.security.web.context.SecurityContextPersistenceFilter@756821a2, org.springframework.security.web.header.HeaderWriterFilter@76f23626, org.springframework.security.web.authentication.logout.LogoutFilter@1041ba8d, org.springframework.security.web.savedrequest.RequestCacheAwareFilter@2daa5c77, org.springframework.security.web.servletapi.SecurityContextHolderAwareRequestFilter@4a0e1ce2, org.springframework.security.web.authentication.AnonymousAuthenticationFilter@5524fd16, org.springframework.security.web.session.SessionManagementFilter@68d1fb0, org.springframework.security.web.access.ExceptionTranslationFilter@4b927101]
[2m2020-08-11 13:44:36.145[0;39m [32m INFO[0;39m [35m19628[0;39m [2m---[0;39m [2m[  restartedMain][0;39m [36mo.s.s.concurrent.ThreadPoolTaskExecutor [0;39m [2m:[0;39m Initializing ExecutorService 'applicationTaskExecutor'
[2m2020-08-11 13:44:36.151[0;39m [32m INFO[0;39m [35m19628[0;39m [2m---[0;39m [2m[  restartedMain][0;39m [36mo.s.b.d.a.OptionalLiveReloadServer      [0;39m [2m:[0;39m LiveReload server is running on port 35729
[2m2020-08-11 13:44:36.247[0;39m [32m INFO[0;39m [35m19628[0;39m [2m---[0;39m [2m[  restartedMain][0;39m [36mo.s.b.w.embedded.tomcat.TomcatWebServer [0;39m [2m:[0;39m Tomcat started on port(s): 8888 (http) with context path '/ssafience'
[2m2020-08-11 13:44:36.368[0;39m [32m INFO[0;39m [35m19628[0;39m [2m---[0;39m [2m[  restartedMain][0;39m [36m.ConditionEvaluationDeltaLoggingListener[0;39m [2m:[0;39m Condition evaluation unchanged
[2m2020-08-11 13:44:48.762[0;39m [32m INFO[0;39m [35m19628[0;39m [2m---[0;39m [2m[nio-8888-exec-1][0;39m [36mo.s.web.servlet.DispatcherServlet       [0;39m [2m:[0;39m Initializing Servlet 'dispatcherServlet'
[2m2020-08-11 13:44:48.784[0;39m [32m INFO[0;39m [35m19628[0;39m [2m---[0;39m [2m[nio-8888-exec-1][0;39m [36mo.s.web.servlet.DispatcherServlet       [0;39m [2m:[0;39m Completed initialization in 18 ms
[2m2020-08-11 13:45:34.029[0;39m [31mERROR[0;39m [35m19628[0;39m [2m---[0;39m [2m[nio-8888-exec-2][0;39m [36mo.a.c.c.C.[.[.[.[dispatcherServlet]     [0;39m [2m:[0;39m Servlet.service() for servlet [dispatcherServlet] in context with path [/ssafience] threw exception [Request processing failed; nested exception is java.lang.NullPointerException] with root cause

java.lang.NullPointerException: null
	at com.ssafy.ssafience.controller.AccountController.get(AccountController.java:147)
	at sun.reflect.NativeMethodAccessorImpl.invoke0(Native Method)
	at sun.reflect.NativeMethodAccessorImpl.invoke(NativeMethodAccessorImpl.java:62)
	at sun.reflect.DelegatingMethodAccessorImpl.invoke(DelegatingMethodAccessorImpl.java:43)
	at java.lang.reflect.Method.invoke(Method.java:498)
	at org.springframework.web.method.support.InvocableHandlerMethod.doInvoke(InvocableHandlerMethod.java:190)
	at org.springframework.web.method.support.InvocableHandlerMethod.invokeForRequest(InvocableHandlerMethod.java:138)
	at org.springframework.web.servlet.mvc.method.annotation.ServletInvocableHandlerMethod.invokeAndHandle(ServletInvocableHandlerMethod.java:105)
	at org.springframework.web.servlet.mvc.method.annotation.RequestMappingHandlerAdapter.invokeHandlerMethod(RequestMappingHandlerAdapter.java:879)
	at org.springframework.web.servlet.mvc.method.annotation.RequestMappingHandlerAdapter.handleInternal(RequestMappingHandlerAdapter.java:793)
	at org.springframework.web.servlet.mvc.method.AbstractHandlerMethodAdapter.handle(AbstractHandlerMethodAdapter.java:87)
	at org.springframework.web.servlet.DispatcherServlet.doDispatch(DispatcherServlet.java:1040)
	at org.springframework.web.servlet.DispatcherServlet.doService(DispatcherServlet.java:943)
	at org.springframework.web.servlet.FrameworkServlet.processRequest(FrameworkServlet.java:1006)
	at org.springframework.web.servlet.FrameworkServlet.doPost(FrameworkServlet.java:909)
	at javax.servlet.http.HttpServlet.service(HttpServlet.java:660)
	at org.springframework.web.servlet.FrameworkServlet.service(FrameworkServlet.java:883)
	at javax.servlet.http.HttpServlet.service(HttpServlet.java:741)
	at org.apache.catalina.core.ApplicationFilterChain.internalDoFilter(ApplicationFilterChain.java:231)
	at org.apache.catalina.core.ApplicationFilterChain.doFilter(ApplicationFilterChain.java:166)
	at org.apache.tomcat.websocket.server.WsFilter.doFilter(WsFilter.java:53)
	at org.apache.catalina.core.ApplicationFilterChain.internalDoFilter(ApplicationFilterChain.java:193)
	at org.apache.catalina.core.ApplicationFilterChain.doFilter(ApplicationFilterChain.java:166)
	at org.springframework.security.web.FilterChainProxy$VirtualFilterChain.doFilter(FilterChainProxy.java:320)
	at org.springframework.security.web.access.ExceptionTranslationFilter.doFilter(ExceptionTranslationFilter.java:118)
	at org.springframework.security.web.FilterChainProxy$VirtualFilterChain.doFilter(FilterChainProxy.java:334)
	at org.springframework.security.web.session.SessionManagementFilter.doFilter(SessionManagementFilter.java:137)
	at org.springframework.security.web.FilterChainProxy$VirtualFilterChain.doFilter(FilterChainProxy.java:334)
	at org.springframework.security.web.authentication.AnonymousAuthenticationFilter.doFilter(AnonymousAuthenticationFilter.java:111)
	at org.springframework.security.web.FilterChainProxy$VirtualFilterChain.doFilter(FilterChainProxy.java:334)
	at org.springframework.security.web.servletapi.SecurityContextHolderAwareRequestFilter.doFilter(SecurityContextHolderAwareRequestFilter.java:158)
	at org.springframework.security.web.FilterChainProxy$VirtualFilterChain.doFilter(FilterChainProxy.java:334)
	at org.springframework.security.web.savedrequest.RequestCacheAwareFilter.doFilter(RequestCacheAwareFilter.java:63)
	at org.springframework.security.web.FilterChainProxy$VirtualFilterChain.doFilter(FilterChainProxy.java:334)
	at org.springframework.security.web.authentication.logout.LogoutFilter.doFilter(LogoutFilter.java:116)
	at org.springframework.security.web.FilterChainProxy$VirtualFilterChain.doFilter(FilterChainProxy.java:334)
	at org.springframework.security.web.header.HeaderWriterFilter.doHeadersAfter(HeaderWriterFilter.java:92)
	at org.springframework.security.web.header.HeaderWriterFilter.doFilterInternal(HeaderWriterFilter.java:77)
	at org.springframework.web.filter.OncePerRequestFilter.doFilter(OncePerRequestFilter.java:119)
	at org.springframework.security.web.FilterChainProxy$VirtualFilterChain.doFilter(FilterChainProxy.java:334)
	at org.springframework.security.web.context.SecurityContextPersistenceFilter.doFilter(SecurityContextPersistenceFilter.java:105)
	at org.springframework.security.web.FilterChainProxy$VirtualFilterChain.doFilter(FilterChainProxy.java:334)
	at org.springframework.security.web.context.request.async.WebAsyncManagerIntegrationFilter.doFilterInternal(WebAsyncManagerIntegrationFilter.java:56)
	at org.springframework.web.filter.OncePerRequestFilter.doFilter(OncePerRequestFilter.java:119)
	at org.springframework.security.web.FilterChainProxy$VirtualFilterChain.doFilter(FilterChainProxy.java:334)
	at org.springframework.security.web.FilterChainProxy.doFilterInternal(FilterChainProxy.java:215)
	at org.springframework.security.web.FilterChainProxy.doFilter(FilterChainProxy.java:178)
	at org.springframework.web.filter.DelegatingFilterProxy.invokeDelegate(DelegatingFilterProxy.java:358)
	at org.springframework.web.filter.DelegatingFilterProxy.doFilter(DelegatingFilterProxy.java:271)
	at org.apache.catalina.core.ApplicationFilterChain.internalDoFilter(ApplicationFilterChain.java:193)
	at org.apache.catalina.core.ApplicationFilterChain.doFilter(ApplicationFilterChain.java:166)
	at org.springframework.web.filter.RequestContextFilter.doFilterInternal(RequestContextFilter.java:100)
	at org.springframework.web.filter.OncePerRequestFilter.doFilter(OncePerRequestFilter.java:119)
	at org.apache.catalina.core.ApplicationFilterChain.internalDoFilter(ApplicationFilterChain.java:193)
	at org.apache.catalina.core.ApplicationFilterChain.doFilter(ApplicationFilterChain.java:166)
	at org.springframework.web.filter.FormContentFilter.doFilterInternal(FormContentFilter.java:93)
	at org.springframework.web.filter.OncePerRequestFilter.doFilter(OncePerRequestFilter.java:119)
	at org.apache.catalina.core.ApplicationFilterChain.internalDoFilter(ApplicationFilterChain.java:193)
	at org.apache.catalina.core.ApplicationFilterChain.doFilter(ApplicationFilterChain.java:166)
	at org.springframework.web.filter.CharacterEncodingFilter.doFilterInternal(CharacterEncodingFilter.java:201)
	at org.springframework.web.filter.OncePerRequestFilter.doFilter(OncePerRequestFilter.java:119)
	at org.apache.catalina.core.ApplicationFilterChain.internalDoFilter(ApplicationFilterChain.java:193)
	at org.apache.catalina.core.ApplicationFilterChain.doFilter(ApplicationFilterChain.java:166)
	at org.apache.catalina.core.StandardWrapperValve.invoke(StandardWrapperValve.java:202)
	at org.apache.catalina.core.StandardContextValve.invoke(StandardContextValve.java:96)
	at org.apache.catalina.authenticator.AuthenticatorBase.invoke(AuthenticatorBase.java:541)
	at org.apache.catalina.core.StandardHostValve.invoke(StandardHostValve.java:139)
	at org.apache.catalina.valves.ErrorReportValve.invoke(ErrorReportValve.java:92)
	at org.apache.catalina.core.StandardEngineValve.invoke(StandardEngineValve.java:74)
	at org.apache.catalina.connector.CoyoteAdapter.service(CoyoteAdapter.java:343)
	at org.apache.coyote.http11.Http11Processor.service(Http11Processor.java:373)
	at org.apache.coyote.AbstractProcessorLight.process(AbstractProcessorLight.java:65)
	at org.apache.coyote.AbstractProtocol$ConnectionHandler.process(AbstractProtocol.java:868)
	at org.apache.tomcat.util.net.NioEndpoint$SocketProcessor.doRun(NioEndpoint.java:1590)
	at org.apache.tomcat.util.net.SocketProcessorBase.run(SocketProcessorBase.java:49)
	at java.util.concurrent.ThreadPoolExecutor.runWorker(ThreadPoolExecutor.java:1149)
	at java.util.concurrent.ThreadPoolExecutor$Worker.run(ThreadPoolExecutor.java:624)
	at org.apache.tomcat.util.threads.TaskThread$WrappingRunnable.run(TaskThread.java:61)
	at java.lang.Thread.run(Thread.java:748)

[2m2020-08-11 13:46:07.083[0;39m [32m INFO[0;39m [35m19628[0;39m [2m---[0;39m [2m[    Thread-1741][0;39m [36mo.s.s.concurrent.ThreadPoolTaskExecutor [0;39m [2m:[0;39m Shutting down ExecutorService 'applicationTaskExecutor'
[2m2020-08-11 13:46:07.761[0;39m [32m INFO[0;39m [35m19628[0;39m [2m---[0;39m [2m[  restartedMain][0;39m [36mtrationDelegate$BeanPostProcessorChecker[0;39m [2m:[0;39m Bean 'org.springframework.ws.config.annotation.DelegatingWsConfiguration' of type [org.springframework.ws.config.annotation.DelegatingWsConfiguration$$EnhancerBySpringCGLIB$$72e653b7] is not eligible for getting processed by all BeanPostProcessors (for example: not eligible for auto-proxying)
[2m2020-08-11 13:46:07.762[0;39m [32m INFO[0;39m [35m19628[0;39m [2m---[0;39m [2m[  restartedMain][0;39m [36m.w.s.a.s.AnnotationActionEndpointMapping[0;39m [2m:[0;39m Supporting [WS-Addressing August 2004, WS-Addressing 1.0]
[2m2020-08-11 13:46:07.848[0;39m [32m INFO[0;39m [35m19628[0;39m [2m---[0;39m [2m[  restartedMain][0;39m [36mo.s.b.w.embedded.tomcat.TomcatWebServer [0;39m [2m:[0;39m Tomcat initialized with port(s): 8888 (http)
[2m2020-08-11 13:46:07.863[0;39m [32m INFO[0;39m [35m19628[0;39m [2m---[0;39m [2m[  restartedMain][0;39m [36mw.s.c.ServletWebServerApplicationContext[0;39m [2m:[0;39m Root WebApplicationContext: initialization completed in 565 ms
[2m2020-08-11 13:46:08.077[0;39m [32m INFO[0;39m [35m19628[0;39m [2m---[0;39m [2m[  restartedMain][0;39m [36m.s.s.UserDetailsServiceAutoConfiguration[0;39m [2m:[0;39m 

Using generated security password: 5cf1bab7-ddfd-44be-9456-e52674133542

[2m2020-08-11 13:46:08.083[0;39m [32m INFO[0;39m [35m19628[0;39m [2m---[0;39m [2m[  restartedMain][0;39m [36mo.s.s.web.DefaultSecurityFilterChain    [0;39m [2m:[0;39m Creating filter chain: any request, [org.springframework.security.web.context.request.async.WebAsyncManagerIntegrationFilter@1fcb53ea, org.springframework.security.web.context.SecurityContextPersistenceFilter@39cde35e, org.springframework.security.web.header.HeaderWriterFilter@2b5647a, org.springframework.security.web.authentication.logout.LogoutFilter@41e40a64, com.ssafy.ssafience.security.JwtAuthenticationFilter@11ca47a9, org.springframework.security.web.savedrequest.RequestCacheAwareFilter@57713012, org.springframework.security.web.servletapi.SecurityContextHolderAwareRequestFilter@7e4e1832, org.springframework.security.web.authentication.AnonymousAuthenticationFilter@28703231, org.springframework.security.web.session.SessionManagementFilter@34cba137, org.springframework.security.web.access.ExceptionTranslationFilter@42258ee3]
[2m2020-08-11 13:46:08.111[0;39m [32m INFO[0;39m [35m19628[0;39m [2m---[0;39m [2m[  restartedMain][0;39m [36mo.s.s.concurrent.ThreadPoolTaskExecutor [0;39m [2m:[0;39m Initializing ExecutorService 'applicationTaskExecutor'
[2m2020-08-11 13:46:08.117[0;39m [32m INFO[0;39m [35m19628[0;39m [2m---[0;39m [2m[  restartedMain][0;39m [36mo.s.b.d.a.OptionalLiveReloadServer      [0;39m [2m:[0;39m LiveReload server is running on port 35729
[2m2020-08-11 13:46:08.215[0;39m [32m INFO[0;39m [35m19628[0;39m [2m---[0;39m [2m[  restartedMain][0;39m [36mo.s.b.w.embedded.tomcat.TomcatWebServer [0;39m [2m:[0;39m Tomcat started on port(s): 8888 (http) with context path '/ssafience'
[2m2020-08-11 13:46:08.335[0;39m [32m INFO[0;39m [35m19628[0;39m [2m---[0;39m [2m[  restartedMain][0;39m [36m.ConditionEvaluationDeltaLoggingListener[0;39m [2m:[0;39m Condition evaluation unchanged
[2m2020-08-11 13:46:12.338[0;39m [32m INFO[0;39m [35m19628[0;39m [2m---[0;39m [2m[nio-8888-exec-1][0;39m [36mo.s.web.servlet.DispatcherServlet       [0;39m [2m:[0;39m Initializing Servlet 'dispatcherServlet'
[2m2020-08-11 13:46:12.348[0;39m [32m INFO[0;39m [35m19628[0;39m [2m---[0;39m [2m[nio-8888-exec-1][0;39m [36mo.s.web.servlet.DispatcherServlet       [0;39m [2m:[0;39m Completed initialization in 8 ms
[2m2020-08-11 14:03:05.533[0;39m [32m INFO[0;39m [35m19628[0;39m [2m---[0;39m [2m[    Thread-1934][0;39m [36mo.s.s.concurrent.ThreadPoolTaskExecutor [0;39m [2m:[0;39m Shutting down ExecutorService 'applicationTaskExecutor'
[2m2020-08-11 14:03:06.198[0;39m [32m INFO[0;39m [35m19628[0;39m [2m---[0;39m [2m[  restartedMain][0;39m [36mtrationDelegate$BeanPostProcessorChecker[0;39m [2m:[0;39m Bean 'org.springframework.ws.config.annotation.DelegatingWsConfiguration' of type [org.springframework.ws.config.annotation.DelegatingWsConfiguration$$EnhancerBySpringCGLIB$$72e653b7] is not eligible for getting processed by all BeanPostProcessors (for example: not eligible for auto-proxying)
[2m2020-08-11 14:03:06.199[0;39m [32m INFO[0;39m [35m19628[0;39m [2m---[0;39m [2m[  restartedMain][0;39m [36m.w.s.a.s.AnnotationActionEndpointMapping[0;39m [2m:[0;39m Supporting [WS-Addressing August 2004, WS-Addressing 1.0]
[2m2020-08-11 14:03:06.290[0;39m [32m INFO[0;39m [35m19628[0;39m [2m---[0;39m [2m[  restartedMain][0;39m [36mo.s.b.w.embedded.tomcat.TomcatWebServer [0;39m [2m:[0;39m Tomcat initialized with port(s): 8888 (http)
[2m2020-08-11 14:03:06.307[0;39m [32m INFO[0;39m [35m19628[0;39m [2m---[0;39m [2m[  restartedMain][0;39m [36mw.s.c.ServletWebServerApplicationContext[0;39m [2m:[0;39m Root WebApplicationContext: initialization completed in 575 ms
[2m2020-08-11 14:03:06.521[0;39m [32m INFO[0;39m [35m19628[0;39m [2m---[0;39m [2m[  restartedMain][0;39m [36m.s.s.UserDetailsServiceAutoConfiguration[0;39m [2m:[0;39m 

Using generated security password: 16c2940d-a02a-459d-b63b-e70d6df5f697

[2m2020-08-11 14:03:06.527[0;39m [32m INFO[0;39m [35m19628[0;39m [2m---[0;39m [2m[  restartedMain][0;39m [36mo.s.s.web.DefaultSecurityFilterChain    [0;39m [2m:[0;39m Creating filter chain: any request, [org.springframework.security.web.context.request.async.WebAsyncManagerIntegrationFilter@51942b68, org.springframework.security.web.context.SecurityContextPersistenceFilter@2ca12a38, org.springframework.security.web.header.HeaderWriterFilter@6637364b, org.springframework.security.web.authentication.logout.LogoutFilter@3b616ac2, com.ssafy.ssafience.security.JwtAuthenticationFilter@33b97e82, org.springframework.security.web.savedrequest.RequestCacheAwareFilter@5397211f, org.springframework.security.web.servletapi.SecurityContextHolderAwareRequestFilter@c4dd048, org.springframework.security.web.authentication.AnonymousAuthenticationFilter@e2e0170, org.springframework.security.web.session.SessionManagementFilter@3b2529de, org.springframework.security.web.access.ExceptionTranslationFilter@6cf26774]
[2m2020-08-11 14:03:06.555[0;39m [32m INFO[0;39m [35m19628[0;39m [2m---[0;39m [2m[  restartedMain][0;39m [36mo.s.s.concurrent.ThreadPoolTaskExecutor [0;39m [2m:[0;39m Initializing ExecutorService 'applicationTaskExecutor'
[2m2020-08-11 14:03:06.561[0;39m [32m INFO[0;39m [35m19628[0;39m [2m---[0;39m [2m[  restartedMain][0;39m [36mo.s.b.d.a.OptionalLiveReloadServer      [0;39m [2m:[0;39m LiveReload server is running on port 35729
[2m2020-08-11 14:03:06.656[0;39m [32m INFO[0;39m [35m19628[0;39m [2m---[0;39m [2m[  restartedMain][0;39m [36mo.s.b.w.embedded.tomcat.TomcatWebServer [0;39m [2m:[0;39m Tomcat started on port(s): 8888 (http) with context path '/ssafience'
[2m2020-08-11 14:03:06.778[0;39m [32m INFO[0;39m [35m19628[0;39m [2m---[0;39m [2m[  restartedMain][0;39m [36m.ConditionEvaluationDeltaLoggingListener[0;39m [2m:[0;39m Condition evaluation unchanged
[2m2020-08-11 14:03:19.219[0;39m [32m INFO[0;39m [35m19628[0;39m [2m---[0;39m [2m[nio-8888-exec-1][0;39m [36mo.s.web.servlet.DispatcherServlet       [0;39m [2m:[0;39m Initializing Servlet 'dispatcherServlet'
[2m2020-08-11 14:03:19.229[0;39m [32m INFO[0;39m [35m19628[0;39m [2m---[0;39m [2m[nio-8888-exec-1][0;39m [36mo.s.web.servlet.DispatcherServlet       [0;39m [2m:[0;39m Completed initialization in 6 ms
[2m2020-08-11 14:10:39.240[0;39m [32m INFO[0;39m [35m19628[0;39m [2m---[0;39m [2m[on(2)-127.0.0.1][0;39m [36minMXBeanRegistrar$SpringApplicationAdmin[0;39m [2m:[0;39m Application shutdown requested.
[2m2020-08-11 14:10:39.687[0;39m [32m INFO[0;39m [35m19628[0;39m [2m---[0;39m [2m[on(2)-127.0.0.1][0;39m [36mo.s.s.concurrent.ThreadPoolTaskExecutor [0;39m [2m:[0;39m Shutting down ExecutorService 'applicationTaskExecutor'
[2m2020-08-11 14:15:14.965[0;39m [32m INFO[0;39m [35m15808[0;39m [2m---[0;39m [2m[  restartedMain][0;39m [36m.e.DevToolsPropertyDefaultsPostProcessor[0;39m [2m:[0;39m Devtools property defaults active! Set 'spring.devtools.add-properties' to 'false' to disable
[2m2020-08-11 14:15:14.968[0;39m [32m INFO[0;39m [35m15808[0;39m [2m---[0;39m [2m[  restartedMain][0;39m [36m.e.DevToolsPropertyDefaultsPostProcessor[0;39m [2m:[0;39m For additional web related logging consider setting the 'logging.level.web' property to 'DEBUG'
[2m2020-08-11 14:15:16.220[0;39m [32m INFO[0;39m [35m15808[0;39m [2m---[0;39m [2m[  restartedMain][0;39m [36mtrationDelegate$BeanPostProcessorChecker[0;39m [2m:[0;39m Bean 'org.springframework.ws.config.annotation.DelegatingWsConfiguration' of type [org.springframework.ws.config.annotation.DelegatingWsConfiguration$$EnhancerBySpringCGLIB$$665164dd] is not eligible for getting processed by all BeanPostProcessors (for example: not eligible for auto-proxying)
[2m2020-08-11 14:15:16.255[0;39m [32m INFO[0;39m [35m15808[0;39m [2m---[0;39m [2m[  restartedMain][0;39m [36m.w.s.a.s.AnnotationActionEndpointMapping[0;39m [2m:[0;39m Supporting [WS-Addressing August 2004, WS-Addressing 1.0]
[2m2020-08-11 14:15:16.508[0;39m [32m INFO[0;39m [35m15808[0;39m [2m---[0;39m [2m[  restartedMain][0;39m [36mo.s.b.w.embedded.tomcat.TomcatWebServer [0;39m [2m:[0;39m Tomcat initialized with port(s): 8888 (http)
[2m2020-08-11 14:15:16.601[0;39m [32m INFO[0;39m [35m15808[0;39m [2m---[0;39m [2m[  restartedMain][0;39m [36mw.s.c.ServletWebServerApplicationContext[0;39m [2m:[0;39m Root WebApplicationContext: initialization completed in 1633 ms
[2m2020-08-11 14:15:17.412[0;39m [32m INFO[0;39m [35m15808[0;39m [2m---[0;39m [2m[  restartedMain][0;39m [36m.s.s.UserDetailsServiceAutoConfiguration[0;39m [2m:[0;39m 

Using generated security password: 89667ab2-b9a8-40fd-ad8a-b4e27c29e121

[2m2020-08-11 14:15:17.476[0;39m [32m INFO[0;39m [35m15808[0;39m [2m---[0;39m [2m[  restartedMain][0;39m [36mo.s.s.web.DefaultSecurityFilterChain    [0;39m [2m:[0;39m Creating filter chain: any request, [org.springframework.security.web.context.request.async.WebAsyncManagerIntegrationFilter@b5da611, org.springframework.security.web.context.SecurityContextPersistenceFilter@671c7963, org.springframework.security.web.header.HeaderWriterFilter@7ff2b08e, org.springframework.security.web.authentication.logout.LogoutFilter@7fbb6199, com.ssafy.ssafience.security.JwtAuthenticationFilter@14060b86, org.springframework.security.web.savedrequest.RequestCacheAwareFilter@716d101a, org.springframework.security.web.servletapi.SecurityContextHolderAwareRequestFilter@22e72193, org.springframework.security.web.authentication.AnonymousAuthenticationFilter@37ba67e3, org.springframework.security.web.session.SessionManagementFilter@4326632f, org.springframework.security.web.access.ExceptionTranslationFilter@6fd9d1cf]
[2m2020-08-11 14:15:17.569[0;39m [32m INFO[0;39m [35m15808[0;39m [2m---[0;39m [2m[  restartedMain][0;39m [36mo.s.s.concurrent.ThreadPoolTaskExecutor [0;39m [2m:[0;39m Initializing ExecutorService 'applicationTaskExecutor'
[2m2020-08-11 14:15:17.604[0;39m [32m INFO[0;39m [35m15808[0;39m [2m---[0;39m [2m[  restartedMain][0;39m [36mo.s.b.d.a.OptionalLiveReloadServer      [0;39m [2m:[0;39m LiveReload server is running on port 35729
[2m2020-08-11 14:15:17.819[0;39m [32m INFO[0;39m [35m15808[0;39m [2m---[0;39m [2m[  restartedMain][0;39m [36mo.s.b.w.embedded.tomcat.TomcatWebServer [0;39m [2m:[0;39m Tomcat started on port(s): 8888 (http) with context path '/ssafience'
[2m2020-08-11 14:15:21.156[0;39m [32m INFO[0;39m [35m15808[0;39m [2m---[0;39m [2m[nio-8888-exec-1][0;39m [36mo.s.web.servlet.DispatcherServlet       [0;39m [2m:[0;39m Initializing Servlet 'dispatcherServlet'
[2m2020-08-11 14:15:21.162[0;39m [32m INFO[0;39m [35m15808[0;39m [2m---[0;39m [2m[nio-8888-exec-1][0;39m [36mo.s.web.servlet.DispatcherServlet       [0;39m [2m:[0;39m Completed initialization in 5 ms
[2m2020-08-11 14:20:00.071[0;39m [32m INFO[0;39m [35m15808[0;39m [2m---[0;39m [2m[     Thread-193][0;39m [36mo.s.s.concurrent.ThreadPoolTaskExecutor [0;39m [2m:[0;39m Shutting down ExecutorService 'applicationTaskExecutor'
[2m2020-08-11 14:20:00.782[0;39m [32m INFO[0;39m [35m15808[0;39m [2m---[0;39m [2m[  restartedMain][0;39m [36mtrationDelegate$BeanPostProcessorChecker[0;39m [2m:[0;39m Bean 'org.springframework.ws.config.annotation.DelegatingWsConfiguration' of type [org.springframework.ws.config.annotation.DelegatingWsConfiguration$$EnhancerBySpringCGLIB$$665164dd] is not eligible for getting processed by all BeanPostProcessors (for example: not eligible for auto-proxying)
[2m2020-08-11 14:20:00.784[0;39m [32m INFO[0;39m [35m15808[0;39m [2m---[0;39m [2m[  restartedMain][0;39m [36m.w.s.a.s.AnnotationActionEndpointMapping[0;39m [2m:[0;39m Supporting [WS-Addressing August 2004, WS-Addressing 1.0]
[2m2020-08-11 14:20:00.880[0;39m [32m INFO[0;39m [35m15808[0;39m [2m---[0;39m [2m[  restartedMain][0;39m [36mo.s.b.w.embedded.tomcat.TomcatWebServer [0;39m [2m:[0;39m Tomcat initialized with port(s): 8888 (http)
[2m2020-08-11 14:20:00.897[0;39m [32m INFO[0;39m [35m15808[0;39m [2m---[0;39m [2m[  restartedMain][0;39m [36mw.s.c.ServletWebServerApplicationContext[0;39m [2m:[0;39m Root WebApplicationContext: initialization completed in 614 ms
[2m2020-08-11 14:20:01.175[0;39m [32m INFO[0;39m [35m15808[0;39m [2m---[0;39m [2m[  restartedMain][0;39m [36m.s.s.UserDetailsServiceAutoConfiguration[0;39m [2m:[0;39m 

Using generated security password: 0addf018-efd4-404d-893a-82d6b8daa7cc

[2m2020-08-11 14:20:01.180[0;39m [32m INFO[0;39m [35m15808[0;39m [2m---[0;39m [2m[  restartedMain][0;39m [36mo.s.s.web.DefaultSecurityFilterChain    [0;39m [2m:[0;39m Creating filter chain: any request, [org.springframework.security.web.context.request.async.WebAsyncManagerIntegrationFilter@10b96b29, org.springframework.security.web.context.SecurityContextPersistenceFilter@6069a45a, org.springframework.security.web.header.HeaderWriterFilter@498ca27e, org.springframework.security.web.authentication.logout.LogoutFilter@630b1b0b, com.ssafy.ssafience.security.JwtAuthenticationFilter@51c66b65, org.springframework.security.web.savedrequest.RequestCacheAwareFilter@252acd7e, org.springframework.security.web.servletapi.SecurityContextHolderAwareRequestFilter@91914f7, org.springframework.security.web.authentication.AnonymousAuthenticationFilter@76e30ed8, org.springframework.security.web.session.SessionManagementFilter@12aab337, org.springframework.security.web.access.ExceptionTranslationFilter@18b3ca]
[2m2020-08-11 14:20:01.210[0;39m [32m INFO[0;39m [35m15808[0;39m [2m---[0;39m [2m[  restartedMain][0;39m [36mo.s.s.concurrent.ThreadPoolTaskExecutor [0;39m [2m:[0;39m Initializing ExecutorService 'applicationTaskExecutor'
[2m2020-08-11 14:20:01.216[0;39m [32m INFO[0;39m [35m15808[0;39m [2m---[0;39m [2m[  restartedMain][0;39m [36mo.s.b.d.a.OptionalLiveReloadServer      [0;39m [2m:[0;39m LiveReload server is running on port 35729
[2m2020-08-11 14:20:01.313[0;39m [32m INFO[0;39m [35m15808[0;39m [2m---[0;39m [2m[  restartedMain][0;39m [36mo.s.b.w.embedded.tomcat.TomcatWebServer [0;39m [2m:[0;39m Tomcat started on port(s): 8888 (http) with context path '/ssafience'
[2m2020-08-11 14:20:01.475[0;39m [32m INFO[0;39m [35m15808[0;39m [2m---[0;39m [2m[  restartedMain][0;39m [36m.ConditionEvaluationDeltaLoggingListener[0;39m [2m:[0;39m Condition evaluation unchanged
[2m2020-08-11 14:20:08.744[0;39m [32m INFO[0;39m [35m15808[0;39m [2m---[0;39m [2m[     Thread-197][0;39m [36mo.s.s.concurrent.ThreadPoolTaskExecutor [0;39m [2m:[0;39m Shutting down ExecutorService 'applicationTaskExecutor'
[2m2020-08-11 14:20:09.374[0;39m [32m INFO[0;39m [35m15808[0;39m [2m---[0;39m [2m[  restartedMain][0;39m [36mtrationDelegate$BeanPostProcessorChecker[0;39m [2m:[0;39m Bean 'org.springframework.ws.config.annotation.DelegatingWsConfiguration' of type [org.springframework.ws.config.annotation.DelegatingWsConfiguration$$EnhancerBySpringCGLIB$$665164dd] is not eligible for getting processed by all BeanPostProcessors (for example: not eligible for auto-proxying)
[2m2020-08-11 14:20:09.375[0;39m [32m INFO[0;39m [35m15808[0;39m [2m---[0;39m [2m[  restartedMain][0;39m [36m.w.s.a.s.AnnotationActionEndpointMapping[0;39m [2m:[0;39m Supporting [WS-Addressing August 2004, WS-Addressing 1.0]
[2m2020-08-11 14:20:09.466[0;39m [32m INFO[0;39m [35m15808[0;39m [2m---[0;39m [2m[  restartedMain][0;39m [36mo.s.b.w.embedded.tomcat.TomcatWebServer [0;39m [2m:[0;39m Tomcat initialized with port(s): 8888 (http)
[2m2020-08-11 14:20:09.483[0;39m [32m INFO[0;39m [35m15808[0;39m [2m---[0;39m [2m[  restartedMain][0;39m [36mw.s.c.ServletWebServerApplicationContext[0;39m [2m:[0;39m Root WebApplicationContext: initialization completed in 583 ms
[2m2020-08-11 14:20:09.738[0;39m [32m INFO[0;39m [35m15808[0;39m [2m---[0;39m [2m[  restartedMain][0;39m [36m.s.s.UserDetailsServiceAutoConfiguration[0;39m [2m:[0;39m 

Using generated security password: 498187e0-c6d4-4944-a0a2-2aede7f94867

[2m2020-08-11 14:20:09.746[0;39m [32m INFO[0;39m [35m15808[0;39m [2m---[0;39m [2m[  restartedMain][0;39m [36mo.s.s.web.DefaultSecurityFilterChain    [0;39m [2m:[0;39m Creating filter chain: any request, [org.springframework.security.web.context.request.async.WebAsyncManagerIntegrationFilter@609734db, org.springframework.security.web.context.SecurityContextPersistenceFilter@2bdb5660, org.springframework.security.web.header.HeaderWriterFilter@3c321925, org.springframework.security.web.authentication.logout.LogoutFilter@55edf807, org.springframework.security.web.savedrequest.RequestCacheAwareFilter@378059f8, org.springframework.security.web.servletapi.SecurityContextHolderAwareRequestFilter@1bd7951c, org.springframework.security.web.authentication.AnonymousAuthenticationFilter@47cf22a0, org.springframework.security.web.session.SessionManagementFilter@7d985081, org.springframework.security.web.access.ExceptionTranslationFilter@4daa3dae]
[2m2020-08-11 14:20:09.775[0;39m [32m INFO[0;39m [35m15808[0;39m [2m---[0;39m [2m[  restartedMain][0;39m [36mo.s.s.concurrent.ThreadPoolTaskExecutor [0;39m [2m:[0;39m Initializing ExecutorService 'applicationTaskExecutor'
[2m2020-08-11 14:20:09.781[0;39m [32m INFO[0;39m [35m15808[0;39m [2m---[0;39m [2m[  restartedMain][0;39m [36mo.s.b.d.a.OptionalLiveReloadServer      [0;39m [2m:[0;39m LiveReload server is running on port 35729
[2m2020-08-11 14:20:09.879[0;39m [32m INFO[0;39m [35m15808[0;39m [2m---[0;39m [2m[  restartedMain][0;39m [36mo.s.b.w.embedded.tomcat.TomcatWebServer [0;39m [2m:[0;39m Tomcat started on port(s): 8888 (http) with context path '/ssafience'
[2m2020-08-11 14:20:10.028[0;39m [32m INFO[0;39m [35m15808[0;39m [2m---[0;39m [2m[  restartedMain][0;39m [36m.ConditionEvaluationDeltaLoggingListener[0;39m [2m:[0;39m Condition evaluation unchanged
[2m2020-08-11 14:20:14.110[0;39m [32m INFO[0;39m [35m15808[0;39m [2m---[0;39m [2m[     Thread-390][0;39m [36mo.s.s.concurrent.ThreadPoolTaskExecutor [0;39m [2m:[0;39m Shutting down ExecutorService 'applicationTaskExecutor'
[2m2020-08-11 14:20:14.751[0;39m [32m INFO[0;39m [35m15808[0;39m [2m---[0;39m [2m[  restartedMain][0;39m [36mtrationDelegate$BeanPostProcessorChecker[0;39m [2m:[0;39m Bean 'org.springframework.ws.config.annotation.DelegatingWsConfiguration' of type [org.springframework.ws.config.annotation.DelegatingWsConfiguration$$EnhancerBySpringCGLIB$$665164dd] is not eligible for getting processed by all BeanPostProcessors (for example: not eligible for auto-proxying)
[2m2020-08-11 14:20:14.752[0;39m [32m INFO[0;39m [35m15808[0;39m [2m---[0;39m [2m[  restartedMain][0;39m [36m.w.s.a.s.AnnotationActionEndpointMapping[0;39m [2m:[0;39m Supporting [WS-Addressing August 2004, WS-Addressing 1.0]
[2m2020-08-11 14:20:14.838[0;39m [32m INFO[0;39m [35m15808[0;39m [2m---[0;39m [2m[  restartedMain][0;39m [36mo.s.b.w.embedded.tomcat.TomcatWebServer [0;39m [2m:[0;39m Tomcat initialized with port(s): 8888 (http)
[2m2020-08-11 14:20:14.853[0;39m [32m INFO[0;39m [35m15808[0;39m [2m---[0;39m [2m[  restartedMain][0;39m [36mw.s.c.ServletWebServerApplicationContext[0;39m [2m:[0;39m Root WebApplicationContext: initialization completed in 552 ms
[2m2020-08-11 14:20:15.091[0;39m [32m INFO[0;39m [35m15808[0;39m [2m---[0;39m [2m[  restartedMain][0;39m [36m.s.s.UserDetailsServiceAutoConfiguration[0;39m [2m:[0;39m 

Using generated security password: 134b7f04-2a6c-475c-959f-b9c33a33be49

[2m2020-08-11 14:20:15.098[0;39m [32m INFO[0;39m [35m15808[0;39m [2m---[0;39m [2m[  restartedMain][0;39m [36mo.s.s.web.DefaultSecurityFilterChain    [0;39m [2m:[0;39m Creating filter chain: any request, [org.springframework.security.web.context.request.async.WebAsyncManagerIntegrationFilter@42b6bd1e, org.springframework.security.web.context.SecurityContextPersistenceFilter@50909e67, org.springframework.security.web.header.HeaderWriterFilter@319330e1, org.springframework.security.web.authentication.logout.LogoutFilter@2952266e, org.springframework.security.web.savedrequest.RequestCacheAwareFilter@41c5494b, org.springframework.security.web.servletapi.SecurityContextHolderAwareRequestFilter@69796daa, org.springframework.security.web.authentication.AnonymousAuthenticationFilter@60809cdf, org.springframework.security.web.session.SessionManagementFilter@70ac8492, org.springframework.security.web.access.ExceptionTranslationFilter@7c4db137]
[2m2020-08-11 14:20:15.127[0;39m [32m INFO[0;39m [35m15808[0;39m [2m---[0;39m [2m[  restartedMain][0;39m [36mo.s.s.concurrent.ThreadPoolTaskExecutor [0;39m [2m:[0;39m Initializing ExecutorService 'applicationTaskExecutor'
[2m2020-08-11 14:20:15.133[0;39m [32m INFO[0;39m [35m15808[0;39m [2m---[0;39m [2m[  restartedMain][0;39m [36mo.s.b.d.a.OptionalLiveReloadServer      [0;39m [2m:[0;39m LiveReload server is running on port 35729
[2m2020-08-11 14:20:15.233[0;39m [32m INFO[0;39m [35m15808[0;39m [2m---[0;39m [2m[  restartedMain][0;39m [36mo.s.b.w.embedded.tomcat.TomcatWebServer [0;39m [2m:[0;39m Tomcat started on port(s): 8888 (http) with context path '/ssafience'
[2m2020-08-11 14:20:15.371[0;39m [32m INFO[0;39m [35m15808[0;39m [2m---[0;39m [2m[  restartedMain][0;39m [36m.ConditionEvaluationDeltaLoggingListener[0;39m [2m:[0;39m Condition evaluation unchanged
[2m2020-08-11 14:20:16.698[0;39m [32m INFO[0;39m [35m15808[0;39m [2m---[0;39m [2m[on(2)-127.0.0.1][0;39m [36minMXBeanRegistrar$SpringApplicationAdmin[0;39m [2m:[0;39m Application shutdown requested.
[2m2020-08-11 14:20:17.146[0;39m [32m INFO[0;39m [35m15808[0;39m [2m---[0;39m [2m[on(2)-127.0.0.1][0;39m [36mo.s.s.concurrent.ThreadPoolTaskExecutor [0;39m [2m:[0;39m Shutting down ExecutorService 'applicationTaskExecutor'
